[2022-12-15 20:48:31.621] [exthost] [info] Extension host with pid 1001350 started
[2022-12-15 20:48:31.629] [exthost] [info] Lock '/home/csmajs/mchen356/.vscode-server/data/User/workspaceStorage/e8a7f1f18b1e28f79f15c1ce93bd32b3/vscode.lock': Lock acquired.
[2022-12-15 20:48:31.719] [exthost] [info] ExtensionService#_doActivateExtension ms-vscode.cpptools, startup: false, activationEvent: 'onLanguage:cpp'
[2022-12-15 20:48:31.851] [exthost] [info] ExtensionService#_doActivateExtension vscode.debug-auto-launch, startup: true, activationEvent: '*'
[2022-12-15 20:48:31.854] [exthost] [info] ExtensionService#_doActivateExtension vscode.git-base, startup: true, activationEvent: '*', root cause: vscode.git
[2022-12-15 20:48:31.857] [exthost] [info] ExtensionService#_doActivateExtension vscode.ipynb, startup: true, activationEvent: '*'
[2022-12-15 20:48:31.952] [exthost] [info] ExtensionService#_doActivateExtension vscode.git, startup: true, activationEvent: '*'
[2022-12-15 20:48:32.017] [exthost] [info] ExtensionService#_doActivateExtension vscode.github, startup: true, activationEvent: '*'
[2022-12-15 20:48:32.114] [exthost] [info] ExtensionService#_doActivateExtension vscode.emmet, startup: false, activationEvent: 'onStartupFinished'
[2022-12-15 20:48:32.130] [exthost] [info] ExtensionService#_doActivateExtension vscode.merge-conflict, startup: false, activationEvent: 'onStartupFinished'
[2022-12-15 20:48:32.133] [exthost] [info] Eager extensions activated
[2022-12-15 20:48:32.548] [exthost] [warning] [Decorations] CAPPING events from decorations provider vscode.git 3933
[2022-12-15 20:48:33.060] [exthost] [warning] [Decorations] CAPPING events from decorations provider vscode.git 3933
[2022-12-15 20:48:38.645] [exthost] [warning] [Decorations] CAPPING events from decorations provider vscode.git 4395
[2022-12-15 20:48:43.921] [exthost] [warning] [Decorations] CAPPING events from decorations provider vscode.git 4896
[2022-12-15 20:48:49.201] [exthost] [warning] [Decorations] CAPPING events from decorations provider vscode.git 4437
[2022-12-15 20:48:54.471] [exthost] [warning] [Decorations] CAPPING events from decorations provider vscode.git 4437
[2022-12-15 20:48:59.745] [exthost] [warning] [Decorations] CAPPING events from decorations provider vscode.git 4437
[2022-12-15 20:49:05.012] [exthost] [warning] [Decorations] CAPPING events from decorations provider vscode.git 4437
[2022-12-15 20:49:10.292] [exthost] [warning] [Decorations] CAPPING events from decorations provider vscode.git 4437
[2022-12-15 20:49:15.579] [exthost] [warning] [Decorations] CAPPING events from decorations provider vscode.git 4437
[2022-12-15 20:49:20.857] [exthost] [warning] [Decorations] CAPPING events from decorations provider vscode.git 4437
[2022-12-15 20:49:26.142] [exthost] [warning] [Decorations] CAPPING events from decorations provider vscode.git 4437
[2022-12-15 20:49:31.428] [exthost] [warning] [Decorations] CAPPING events from decorations provider vscode.git 4437
[2022-12-15 20:49:36.717] [exthost] [warning] [Decorations] CAPPING events from decorations provider vscode.git 4437
[2022-12-15 20:49:41.996] [exthost] [warning] [Decorations] CAPPING events from decorations provider vscode.git 4437
[2022-12-15 20:49:47.267] [exthost] [warning] [Decorations] CAPPING events from decorations provider vscode.git 4437
[2022-12-15 21:02:27.628] [exthost] [warning] [Decorations] CAPPING events from decorations provider vscode.git 4437
[2022-12-15 21:02:32.888] [exthost] [warning] [Decorations] CAPPING events from decorations provider vscode.git 4437
[2022-12-15 21:02:38.171] [exthost] [warning] [Decorations] CAPPING events from decorations provider vscode.git 4437
[2022-12-15 21:02:43.443] [exthost] [warning] [Decorations] CAPPING events from decorations provider vscode.git 4437
[2022-12-15 21:03:08.532] [exthost] [warning] [Decorations] CAPPING events from decorations provider vscode.git 4437
[2022-12-15 21:03:13.794] [exthost] [warning] [Decorations] CAPPING events from decorations provider vscode.git 4437
[2022-12-15 21:03:19.058] [exthost] [warning] [Decorations] CAPPING events from decorations provider vscode.git 4437
[2022-12-15 21:03:24.327] [exthost] [warning] [Decorations] CAPPING events from decorations provider vscode.git 4437
[2022-12-15 21:03:29.604] [exthost] [warning] [Decorations] CAPPING events from decorations provider vscode.git 4437
[2022-12-15 21:03:55.308] [exthost] [warning] [Decorations] CAPPING events from decorations provider vscode.git 4437
[2022-12-15 21:04:00.568] [exthost] [warning] [Decorations] CAPPING events from decorations provider vscode.git 4437
[2022-12-15 21:04:07.180] [exthost] [warning] [Decorations] CAPPING events from decorations provider vscode.git 4437
[2022-12-15 21:04:12.447] [exthost] [warning] [Decorations] CAPPING events from decorations provider vscode.git 4437
[2022-12-15 21:04:34.112] [exthost] [warning] [Decorations] CAPPING events from decorations provider vscode.git 4437
[2022-12-15 21:05:18.471] [exthost] [warning] [Decorations] CAPPING events from decorations provider vscode.git 4437
[2022-12-15 21:05:23.730] [exthost] [warning] [Decorations] CAPPING events from decorations provider vscode.git 4437
[2022-12-15 21:05:29.014] [exthost] [warning] [Decorations] CAPPING events from decorations provider vscode.git 4437
[2022-12-15 21:05:34.284] [exthost] [warning] [Decorations] CAPPING events from decorations provider vscode.git 4437
[2022-12-15 21:05:39.552] [exthost] [warning] [Decorations] CAPPING events from decorations provider vscode.git 4437
[2022-12-15 21:05:44.811] [exthost] [warning] [Decorations] CAPPING events from decorations provider vscode.git 4437
[2022-12-15 21:05:50.080] [exthost] [warning] [Decorations] CAPPING events from decorations provider vscode.git 4437
[2022-12-15 21:05:55.348] [exthost] [warning] [Decorations] CAPPING events from decorations provider vscode.git 4437
[2022-12-15 21:06:00.623] [exthost] [warning] [Decorations] CAPPING events from decorations provider vscode.git 4437
[2022-12-15 21:06:05.901] [exthost] [warning] [Decorations] CAPPING events from decorations provider vscode.git 4437
[2022-12-15 21:06:11.182] [exthost] [warning] [Decorations] CAPPING events from decorations provider vscode.git 4437
[2022-12-15 21:06:16.473] [exthost] [warning] [Decorations] CAPPING events from decorations provider vscode.git 4437
[2022-12-15 21:06:21.765] [exthost] [warning] [Decorations] CAPPING events from decorations provider vscode.git 4437
[2022-12-15 21:06:35.991] [exthost] [warning] [Decorations] CAPPING events from decorations provider vscode.git 4437
[2022-12-15 21:06:41.261] [exthost] [warning] [Decorations] CAPPING events from decorations provider vscode.git 4437
[2022-12-15 21:06:49.941] [exthost] [warning] [Decorations] CAPPING events from decorations provider vscode.git 4437
[2022-12-15 21:06:55.212] [exthost] [warning] [Decorations] CAPPING events from decorations provider vscode.git 4437
[2022-12-15 21:07:00.484] [exthost] [warning] [Decorations] CAPPING events from decorations provider vscode.git 4437
[2022-12-15 21:07:05.759] [exthost] [warning] [Decorations] CAPPING events from decorations provider vscode.git 4437
[2022-12-15 21:07:11.040] [exthost] [warning] [Decorations] CAPPING events from decorations provider vscode.git 4437
[2022-12-15 21:07:16.326] [exthost] [warning] [Decorations] CAPPING events from decorations provider vscode.git 4437
[2022-12-15 21:07:21.615] [exthost] [warning] [Decorations] CAPPING events from decorations provider vscode.git 4437
[2022-12-15 21:07:26.921] [exthost] [warning] [Decorations] CAPPING events from decorations provider vscode.git 4437
[2022-12-15 21:07:32.200] [exthost] [warning] [Decorations] CAPPING events from decorations provider vscode.git 4437
[2022-12-15 21:10:57.084] [exthost] [warning] [Decorations] CAPPING events from decorations provider vscode.git 4437
[2022-12-15 21:11:02.343] [exthost] [warning] [Decorations] CAPPING events from decorations provider vscode.git 4437
[2022-12-15 21:11:07.626] [exthost] [warning] [Decorations] CAPPING events from decorations provider vscode.git 4437
[2022-12-15 21:11:12.897] [exthost] [warning] [Decorations] CAPPING events from decorations provider vscode.git 4437
[2022-12-15 21:11:18.166] [exthost] [warning] [Decorations] CAPPING events from decorations provider vscode.git 4437
[2022-12-15 21:11:23.429] [exthost] [warning] [Decorations] CAPPING events from decorations provider vscode.git 4437
[2022-12-15 21:11:28.706] [exthost] [warning] [Decorations] CAPPING events from decorations provider vscode.git 4437
[2022-12-15 21:11:34.570] [exthost] [warning] [Decorations] CAPPING events from decorations provider vscode.git 4437
[2022-12-15 21:11:39.842] [exthost] [warning] [Decorations] CAPPING events from decorations provider vscode.git 4437
[2022-12-15 21:11:45.122] [exthost] [warning] [Decorations] CAPPING events from decorations provider vscode.git 4437
[2022-12-15 21:11:50.415] [exthost] [warning] [Decorations] CAPPING events from decorations provider vscode.git 4437
[2022-12-15 21:11:55.705] [exthost] [warning] [Decorations] CAPPING events from decorations provider vscode.git 4437
[2022-12-15 21:19:03.764] [exthost] [warning] [Decorations] CAPPING events from decorations provider vscode.git 4437
[2022-12-15 21:19:09.022] [exthost] [warning] [Decorations] CAPPING events from decorations provider vscode.git 4437
[2022-12-15 21:19:14.302] [exthost] [warning] [Decorations] CAPPING events from decorations provider vscode.git 4437
[2022-12-15 21:19:19.571] [exthost] [warning] [Decorations] CAPPING events from decorations provider vscode.git 4437
[2022-12-15 21:19:24.834] [exthost] [warning] [Decorations] CAPPING events from decorations provider vscode.git 4437
[2022-12-15 21:19:30.095] [exthost] [warning] [Decorations] CAPPING events from decorations provider vscode.git 4437
[2022-12-15 21:19:35.373] [exthost] [warning] [Decorations] CAPPING events from decorations provider vscode.git 4437
[2022-12-15 21:19:40.646] [exthost] [warning] [Decorations] CAPPING events from decorations provider vscode.git 4437
[2022-12-15 21:19:45.919] [exthost] [warning] [Decorations] CAPPING events from decorations provider vscode.git 4437
[2022-12-15 21:19:51.192] [exthost] [warning] [Decorations] CAPPING events from decorations provider vscode.git 4437
[2022-12-15 21:19:56.481] [exthost] [warning] [Decorations] CAPPING events from decorations provider vscode.git 4437
[2022-12-15 21:20:01.768] [exthost] [warning] [Decorations] CAPPING events from decorations provider vscode.git 4437
[2022-12-15 21:20:31.971] [exthost] [warning] [Decorations] CAPPING events from decorations provider vscode.git 4437
[2022-12-15 21:20:44.678] [exthost] [warning] [Decorations] CAPPING events from decorations provider vscode.git 4437
[2022-12-15 21:20:49.944] [exthost] [warning] [Decorations] CAPPING events from decorations provider vscode.git 4437
[2022-12-15 21:20:55.208] [exthost] [warning] [Decorations] CAPPING events from decorations provider vscode.git 4437
[2022-12-15 21:21:00.473] [exthost] [warning] [Decorations] CAPPING events from decorations provider vscode.git 4437
[2022-12-15 21:21:05.741] [exthost] [warning] [Decorations] CAPPING events from decorations provider vscode.git 4437
[2022-12-15 21:21:11.010] [exthost] [warning] [Decorations] CAPPING events from decorations provider vscode.git 4437
[2022-12-15 21:21:16.286] [exthost] [warning] [Decorations] CAPPING events from decorations provider vscode.git 4437
[2022-12-15 21:21:21.564] [exthost] [warning] [Decorations] CAPPING events from decorations provider vscode.git 4437
[2022-12-15 21:21:26.852] [exthost] [warning] [Decorations] CAPPING events from decorations provider vscode.git 4437
[2022-12-15 21:21:32.140] [exthost] [warning] [Decorations] CAPPING events from decorations provider vscode.git 4437
[2022-12-15 21:21:37.434] [exthost] [warning] [Decorations] CAPPING events from decorations provider vscode.git 4437
[2022-12-15 21:21:42.711] [exthost] [warning] [Decorations] CAPPING events from decorations provider vscode.git 4437
[2022-12-15 21:21:47.984] [exthost] [warning] [Decorations] CAPPING events from decorations provider vscode.git 4437
[2022-12-15 21:21:53.261] [exthost] [warning] [Decorations] CAPPING events from decorations provider vscode.git 4437
[2022-12-15 21:21:58.529] [exthost] [warning] [Decorations] CAPPING events from decorations provider vscode.git 4437
[2022-12-15 21:22:03.813] [exthost] [warning] [Decorations] CAPPING events from decorations provider vscode.git 4437
[2022-12-15 21:22:09.088] [exthost] [warning] [Decorations] CAPPING events from decorations provider vscode.git 4437
[2022-12-15 21:22:14.377] [exthost] [warning] [Decorations] CAPPING events from decorations provider vscode.git 4437
[2022-12-15 21:22:19.662] [exthost] [warning] [Decorations] CAPPING events from decorations provider vscode.git 4437
[2022-12-15 21:22:24.963] [exthost] [warning] [Decorations] CAPPING events from decorations provider vscode.git 4437
[2022-12-15 21:22:30.256] [exthost] [warning] [Decorations] CAPPING events from decorations provider vscode.git 4437
[2022-12-15 21:22:35.535] [exthost] [warning] [Decorations] CAPPING events from decorations provider vscode.git 4437
[2022-12-15 21:22:40.811] [exthost] [warning] [Decorations] CAPPING events from decorations provider vscode.git 4437
[2022-12-15 21:22:46.081] [exthost] [warning] [Decorations] CAPPING events from decorations provider vscode.git 4437
[2022-12-15 21:22:51.351] [exthost] [warning] [Decorations] CAPPING events from decorations provider vscode.git 4437
[2022-12-15 21:22:56.625] [exthost] [warning] [Decorations] CAPPING events from decorations provider vscode.git 4437
[2022-12-15 21:23:01.903] [exthost] [warning] [Decorations] CAPPING events from decorations provider vscode.git 4437
[2022-12-15 21:23:07.191] [exthost] [warning] [Decorations] CAPPING events from decorations provider vscode.git 4437
[2022-12-15 21:23:12.475] [exthost] [warning] [Decorations] CAPPING events from decorations provider vscode.git 4437
[2022-12-15 21:23:17.763] [exthost] [warning] [Decorations] CAPPING events from decorations provider vscode.git 4437
[2022-12-15 21:23:23.062] [exthost] [warning] [Decorations] CAPPING events from decorations provider vscode.git 4437
[2022-12-15 21:23:28.342] [exthost] [warning] [Decorations] CAPPING events from decorations provider vscode.git 4437
[2022-12-15 21:23:33.618] [exthost] [warning] [Decorations] CAPPING events from decorations provider vscode.git 4437
[2022-12-15 21:23:38.895] [exthost] [warning] [Decorations] CAPPING events from decorations provider vscode.git 4437
[2022-12-15 21:23:44.166] [exthost] [warning] [Decorations] CAPPING events from decorations provider vscode.git 4437
[2022-12-15 21:23:49.438] [exthost] [warning] [Decorations] CAPPING events from decorations provider vscode.git 4437
[2022-12-15 21:23:54.714] [exthost] [warning] [Decorations] CAPPING events from decorations provider vscode.git 4437
[2022-12-15 21:23:59.996] [exthost] [warning] [Decorations] CAPPING events from decorations provider vscode.git 4437
[2022-12-15 21:24:05.280] [exthost] [warning] [Decorations] CAPPING events from decorations provider vscode.git 4437
[2022-12-15 21:24:10.573] [exthost] [warning] [Decorations] CAPPING events from decorations provider vscode.git 4437
[2022-12-15 21:24:15.869] [exthost] [warning] [Decorations] CAPPING events from decorations provider vscode.git 4437
[2022-12-15 21:24:21.154] [exthost] [warning] [Decorations] CAPPING events from decorations provider vscode.git 4437
[2022-12-15 21:24:26.430] [exthost] [warning] [Decorations] CAPPING events from decorations provider vscode.git 4437
[2022-12-15 21:24:31.702] [exthost] [warning] [Decorations] CAPPING events from decorations provider vscode.git 4437
[2022-12-15 21:24:36.976] [exthost] [warning] [Decorations] CAPPING events from decorations provider vscode.git 4437
[2022-12-15 21:24:42.251] [exthost] [warning] [Decorations] CAPPING events from decorations provider vscode.git 4437
[2022-12-15 21:24:47.539] [exthost] [warning] [Decorations] CAPPING events from decorations provider vscode.git 4437
[2022-12-15 21:24:52.832] [exthost] [warning] [Decorations] CAPPING events from decorations provider vscode.git 4437
[2022-12-15 21:24:58.127] [exthost] [warning] [Decorations] CAPPING events from decorations provider vscode.git 4437
[2022-12-15 21:25:36.468] [exthost] [warning] [Decorations] CAPPING events from decorations provider vscode.git 4437
[2022-12-15 21:25:41.728] [exthost] [warning] [Decorations] CAPPING events from decorations provider vscode.git 4437
[2022-12-15 21:25:47.018] [exthost] [warning] [Decorations] CAPPING events from decorations provider vscode.git 4437
[2022-12-15 21:25:52.292] [exthost] [warning] [Decorations] CAPPING events from decorations provider vscode.git 4437
[2022-12-15 21:25:57.568] [exthost] [warning] [Decorations] CAPPING events from decorations provider vscode.git 4437
[2022-12-15 21:26:02.836] [exthost] [warning] [Decorations] CAPPING events from decorations provider vscode.git 4437
[2022-12-15 21:26:08.118] [exthost] [warning] [Decorations] CAPPING events from decorations provider vscode.git 4437
[2022-12-15 21:26:13.393] [exthost] [warning] [Decorations] CAPPING events from decorations provider vscode.git 4437
[2022-12-15 21:26:18.678] [exthost] [warning] [Decorations] CAPPING events from decorations provider vscode.git 4437
[2022-12-15 21:26:23.960] [exthost] [warning] [Decorations] CAPPING events from decorations provider vscode.git 4437
[2022-12-15 21:26:29.249] [exthost] [warning] [Decorations] CAPPING events from decorations provider vscode.git 4437
[2022-12-15 21:26:34.540] [exthost] [warning] [Decorations] CAPPING events from decorations provider vscode.git 4437
[2022-12-15 21:26:39.835] [exthost] [warning] [Decorations] CAPPING events from decorations provider vscode.git 4437
[2022-12-15 21:26:45.114] [exthost] [warning] [Decorations] CAPPING events from decorations provider vscode.git 4437
[2022-12-15 21:26:50.387] [exthost] [warning] [Decorations] CAPPING events from decorations provider vscode.git 4437
[2022-12-15 21:26:55.655] [exthost] [warning] [Decorations] CAPPING events from decorations provider vscode.git 4437
[2022-12-15 21:27:00.933] [exthost] [warning] [Decorations] CAPPING events from decorations provider vscode.git 4437
[2022-12-15 21:27:06.212] [exthost] [warning] [Decorations] CAPPING events from decorations provider vscode.git 4437
[2022-12-15 21:27:11.490] [exthost] [warning] [Decorations] CAPPING events from decorations provider vscode.git 4437
[2022-12-15 21:27:16.778] [exthost] [warning] [Decorations] CAPPING events from decorations provider vscode.git 4437
[2022-12-15 21:27:22.068] [exthost] [warning] [Decorations] CAPPING events from decorations provider vscode.git 4437
[2022-12-15 21:27:27.358] [exthost] [warning] [Decorations] CAPPING events from decorations provider vscode.git 4437
[2022-12-15 21:27:32.656] [exthost] [warning] [Decorations] CAPPING events from decorations provider vscode.git 4437
[2022-12-15 21:27:37.934] [exthost] [warning] [Decorations] CAPPING events from decorations provider vscode.git 4437
[2022-12-15 21:27:43.218] [exthost] [warning] [Decorations] CAPPING events from decorations provider vscode.git 4437
[2022-12-15 21:27:48.488] [exthost] [warning] [Decorations] CAPPING events from decorations provider vscode.git 4437
[2022-12-15 21:27:53.760] [exthost] [warning] [Decorations] CAPPING events from decorations provider vscode.git 4437
[2022-12-15 21:27:59.035] [exthost] [warning] [Decorations] CAPPING events from decorations provider vscode.git 4437
[2022-12-15 21:28:04.312] [exthost] [warning] [Decorations] CAPPING events from decorations provider vscode.git 4437
[2022-12-15 21:28:09.595] [exthost] [warning] [Decorations] CAPPING events from decorations provider vscode.git 4437
[2022-12-15 21:28:14.882] [exthost] [warning] [Decorations] CAPPING events from decorations provider vscode.git 4437
[2022-12-15 21:28:20.175] [exthost] [warning] [Decorations] CAPPING events from decorations provider vscode.git 4437
[2022-12-15 21:28:25.467] [exthost] [warning] [Decorations] CAPPING events from decorations provider vscode.git 4437
[2022-12-15 21:28:30.749] [exthost] [warning] [Decorations] CAPPING events from decorations provider vscode.git 4437
[2022-12-15 21:28:36.026] [exthost] [warning] [Decorations] CAPPING events from decorations provider vscode.git 4437
[2022-12-15 21:28:41.300] [exthost] [warning] [Decorations] CAPPING events from decorations provider vscode.git 4437
[2022-12-15 21:28:46.572] [exthost] [warning] [Decorations] CAPPING events from decorations provider vscode.git 4437
[2022-12-15 21:28:51.857] [exthost] [warning] [Decorations] CAPPING events from decorations provider vscode.git 4437
[2022-12-15 21:28:57.140] [exthost] [warning] [Decorations] CAPPING events from decorations provider vscode.git 4437
[2022-12-15 21:29:02.436] [exthost] [warning] [Decorations] CAPPING events from decorations provider vscode.git 4437
[2022-12-15 21:29:07.723] [exthost] [warning] [Decorations] CAPPING events from decorations provider vscode.git 4437
[2022-12-15 21:29:13.027] [exthost] [warning] [Decorations] CAPPING events from decorations provider vscode.git 4437
[2022-12-15 21:29:18.321] [exthost] [warning] [Decorations] CAPPING events from decorations provider vscode.git 4437
[2022-12-15 21:29:23.613] [exthost] [warning] [Decorations] CAPPING events from decorations provider vscode.git 4437
[2022-12-15 21:29:28.893] [exthost] [warning] [Decorations] CAPPING events from decorations provider vscode.git 4437
[2022-12-15 21:29:34.175] [exthost] [warning] [Decorations] CAPPING events from decorations provider vscode.git 4437
[2022-12-15 21:29:39.450] [exthost] [warning] [Decorations] CAPPING events from decorations provider vscode.git 4437
[2022-12-15 21:29:44.728] [exthost] [warning] [Decorations] CAPPING events from decorations provider vscode.git 4437
[2022-12-15 21:29:50.009] [exthost] [warning] [Decorations] CAPPING events from decorations provider vscode.git 4437
[2022-12-15 21:29:55.293] [exthost] [warning] [Decorations] CAPPING events from decorations provider vscode.git 4437
[2022-12-15 21:30:31.199] [exthost] [warning] [Decorations] CAPPING events from decorations provider vscode.git 4437
[2022-12-15 21:30:36.459] [exthost] [warning] [Decorations] CAPPING events from decorations provider vscode.git 4437
[2022-12-15 21:30:41.746] [exthost] [warning] [Decorations] CAPPING events from decorations provider vscode.git 4437
[2022-12-15 21:30:47.016] [exthost] [warning] [Decorations] CAPPING events from decorations provider vscode.git 4437
[2022-12-15 21:30:52.282] [exthost] [warning] [Decorations] CAPPING events from decorations provider vscode.git 4437
[2022-12-15 21:30:57.546] [exthost] [warning] [Decorations] CAPPING events from decorations provider vscode.git 4437
[2022-12-15 21:31:02.816] [exthost] [warning] [Decorations] CAPPING events from decorations provider vscode.git 4437
[2022-12-15 21:31:08.089] [exthost] [warning] [Decorations] CAPPING events from decorations provider vscode.git 4437
[2022-12-15 21:31:13.365] [exthost] [warning] [Decorations] CAPPING events from decorations provider vscode.git 4437
[2022-12-15 21:31:18.645] [exthost] [warning] [Decorations] CAPPING events from decorations provider vscode.git 4437
[2022-12-15 21:31:23.932] [exthost] [warning] [Decorations] CAPPING events from decorations provider vscode.git 4437
[2022-12-15 21:31:29.224] [exthost] [warning] [Decorations] CAPPING events from decorations provider vscode.git 4437
[2022-12-15 21:31:34.521] [exthost] [warning] [Decorations] CAPPING events from decorations provider vscode.git 4437
[2022-12-15 21:31:39.797] [exthost] [warning] [Decorations] CAPPING events from decorations provider vscode.git 4437
[2022-12-15 21:31:45.070] [exthost] [warning] [Decorations] CAPPING events from decorations provider vscode.git 4437
[2022-12-15 21:31:50.348] [exthost] [warning] [Decorations] CAPPING events from decorations provider vscode.git 4437
[2022-12-15 21:32:06.476] [exthost] [warning] [Decorations] CAPPING events from decorations provider vscode.git 4437
[2022-12-15 21:32:10.359] [exthost] [warning] DiagnosticCollection with name 'C/C++' does already exist.
[2022-12-15 21:32:11.762] [exthost] [warning] [Decorations] CAPPING events from decorations provider vscode.git 4437
[2022-12-15 21:32:17.026] [exthost] [warning] [Decorations] CAPPING events from decorations provider vscode.git 4437
[2022-12-15 21:32:22.299] [exthost] [warning] [Decorations] CAPPING events from decorations provider vscode.git 4437
[2022-12-15 21:32:27.570] [exthost] [warning] [Decorations] CAPPING events from decorations provider vscode.git 4437
[2022-12-15 21:32:32.854] [exthost] [warning] [Decorations] CAPPING events from decorations provider vscode.git 4437
[2022-12-15 21:32:38.136] [exthost] [warning] [Decorations] CAPPING events from decorations provider vscode.git 4437
[2022-12-15 21:32:43.429] [exthost] [warning] [Decorations] CAPPING events from decorations provider vscode.git 4437
[2022-12-15 21:32:48.717] [exthost] [warning] [Decorations] CAPPING events from decorations provider vscode.git 4437
[2022-12-15 21:32:54.021] [exthost] [warning] [Decorations] CAPPING events from decorations provider vscode.git 4437
[2022-12-15 21:32:59.299] [exthost] [warning] [Decorations] CAPPING events from decorations provider vscode.git 4437
[2022-12-15 21:33:04.583] [exthost] [warning] [Decorations] CAPPING events from decorations provider vscode.git 4437
[2022-12-15 21:33:09.850] [exthost] [warning] [Decorations] CAPPING events from decorations provider vscode.git 4437
[2022-12-15 21:33:15.125] [exthost] [warning] [Decorations] CAPPING events from decorations provider vscode.git 4437
[2022-12-15 21:33:20.401] [exthost] [warning] [Decorations] CAPPING events from decorations provider vscode.git 4437
[2022-12-15 21:33:25.678] [exthost] [warning] [Decorations] CAPPING events from decorations provider vscode.git 4437
[2022-12-15 21:33:30.962] [exthost] [warning] [Decorations] CAPPING events from decorations provider vscode.git 4437
[2022-12-15 21:33:36.250] [exthost] [warning] [Decorations] CAPPING events from decorations provider vscode.git 4437
[2022-12-15 21:33:41.540] [exthost] [warning] [Decorations] CAPPING events from decorations provider vscode.git 4437
[2022-12-15 21:33:46.834] [exthost] [warning] [Decorations] CAPPING events from decorations provider vscode.git 4437
[2022-12-15 21:33:52.112] [exthost] [warning] [Decorations] CAPPING events from decorations provider vscode.git 4437
[2022-12-15 21:33:57.394] [exthost] [warning] [Decorations] CAPPING events from decorations provider vscode.git 4437
[2022-12-15 21:34:02.665] [exthost] [warning] [Decorations] CAPPING events from decorations provider vscode.git 4437
[2022-12-15 21:34:07.940] [exthost] [warning] [Decorations] CAPPING events from decorations provider vscode.git 4437
[2022-12-15 21:34:13.213] [exthost] [warning] [Decorations] CAPPING events from decorations provider vscode.git 4437
[2022-12-15 21:34:18.493] [exthost] [warning] [Decorations] CAPPING events from decorations provider vscode.git 4437
[2022-12-15 21:34:23.775] [exthost] [warning] [Decorations] CAPPING events from decorations provider vscode.git 4437
[2022-12-15 21:34:29.061] [exthost] [warning] [Decorations] CAPPING events from decorations provider vscode.git 4437
[2022-12-15 21:34:34.351] [exthost] [warning] [Decorations] CAPPING events from decorations provider vscode.git 4437
[2022-12-15 21:34:39.648] [exthost] [warning] [Decorations] CAPPING events from decorations provider vscode.git 4437
[2022-12-15 21:34:44.924] [exthost] [warning] [Decorations] CAPPING events from decorations provider vscode.git 4437
[2022-12-15 21:34:50.203] [exthost] [warning] [Decorations] CAPPING events from decorations provider vscode.git 4437
[2022-12-15 21:34:55.474] [exthost] [warning] [Decorations] CAPPING events from decorations provider vscode.git 4437
[2022-12-15 21:35:00.747] [exthost] [warning] [Decorations] CAPPING events from decorations provider vscode.git 4437
[2022-12-15 21:35:06.017] [exthost] [warning] [Decorations] CAPPING events from decorations provider vscode.git 4437
[2022-12-15 21:35:11.293] [exthost] [warning] [Decorations] CAPPING events from decorations provider vscode.git 4437
[2022-12-15 21:35:16.572] [exthost] [warning] [Decorations] CAPPING events from decorations provider vscode.git 4437
[2022-12-15 21:35:21.856] [exthost] [warning] [Decorations] CAPPING events from decorations provider vscode.git 4437
[2022-12-15 21:35:27.146] [exthost] [warning] [Decorations] CAPPING events from decorations provider vscode.git 4437
[2022-12-15 21:35:32.437] [exthost] [warning] [Decorations] CAPPING events from decorations provider vscode.git 4437
[2022-12-15 21:35:37.728] [exthost] [warning] [Decorations] CAPPING events from decorations provider vscode.git 4437
[2022-12-15 21:35:43.006] [exthost] [warning] [Decorations] CAPPING events from decorations provider vscode.git 4437
[2022-12-15 21:35:48.291] [exthost] [warning] [Decorations] CAPPING events from decorations provider vscode.git 4437
[2022-12-15 21:35:53.565] [exthost] [warning] [Decorations] CAPPING events from decorations provider vscode.git 4437
[2022-12-15 21:35:58.852] [exthost] [warning] [Decorations] CAPPING events from decorations provider vscode.git 4437
[2022-12-15 21:36:04.129] [exthost] [warning] [Decorations] CAPPING events from decorations provider vscode.git 4437
[2022-12-15 21:36:09.419] [exthost] [warning] [Decorations] CAPPING events from decorations provider vscode.git 4437
[2022-12-15 21:36:14.703] [exthost] [warning] [Decorations] CAPPING events from decorations provider vscode.git 4437
[2022-12-15 21:36:19.994] [exthost] [warning] [Decorations] CAPPING events from decorations provider vscode.git 4437
[2022-12-15 21:36:25.289] [exthost] [warning] [Decorations] CAPPING events from decorations provider vscode.git 4437
[2022-12-15 21:36:30.574] [exthost] [warning] [Decorations] CAPPING events from decorations provider vscode.git 4437
[2022-12-15 21:36:35.853] [exthost] [warning] [Decorations] CAPPING events from decorations provider vscode.git 4437
[2022-12-15 21:36:41.129] [exthost] [warning] [Decorations] CAPPING events from decorations provider vscode.git 4437
[2022-12-15 21:36:46.404] [exthost] [warning] [Decorations] CAPPING events from decorations provider vscode.git 4437
[2022-12-15 21:36:51.679] [exthost] [warning] [Decorations] CAPPING events from decorations provider vscode.git 4437
[2022-12-15 21:36:56.955] [exthost] [warning] [Decorations] CAPPING events from decorations provider vscode.git 4437
[2022-12-15 21:37:02.233] [exthost] [warning] [Decorations] CAPPING events from decorations provider vscode.git 4437
[2022-12-15 21:37:07.518] [exthost] [warning] [Decorations] CAPPING events from decorations provider vscode.git 4437
[2022-12-15 21:37:12.805] [exthost] [warning] [Decorations] CAPPING events from decorations provider vscode.git 4437
[2022-12-15 21:37:18.098] [exthost] [warning] [Decorations] CAPPING events from decorations provider vscode.git 4437
[2022-12-15 21:37:23.381] [exthost] [warning] [Decorations] CAPPING events from decorations provider vscode.git 4437
[2022-12-15 21:37:28.659] [exthost] [warning] [Decorations] CAPPING events from decorations provider vscode.git 4437
[2022-12-15 21:37:33.935] [exthost] [warning] [Decorations] CAPPING events from decorations provider vscode.git 4437
[2022-12-15 21:37:39.211] [exthost] [warning] [Decorations] CAPPING events from decorations provider vscode.git 4437
[2022-12-15 21:37:44.490] [exthost] [warning] [Decorations] CAPPING events from decorations provider vscode.git 4437
[2022-12-15 21:37:49.767] [exthost] [warning] [Decorations] CAPPING events from decorations provider vscode.git 4437
[2022-12-15 21:37:55.051] [exthost] [warning] [Decorations] CAPPING events from decorations provider vscode.git 4437
[2022-12-15 21:38:00.348] [exthost] [warning] [Decorations] CAPPING events from decorations provider vscode.git 4437
[2022-12-15 21:38:05.640] [exthost] [warning] [Decorations] CAPPING events from decorations provider vscode.git 4437
[2022-12-15 21:38:10.965] [exthost] [warning] [Decorations] CAPPING events from decorations provider vscode.git 4437
[2022-12-15 21:38:16.249] [exthost] [warning] [Decorations] CAPPING events from decorations provider vscode.git 4437
[2022-12-15 21:38:21.536] [exthost] [warning] [Decorations] CAPPING events from decorations provider vscode.git 4437
[2022-12-15 21:38:26.833] [exthost] [warning] [Decorations] CAPPING events from decorations provider vscode.git 4437
[2022-12-15 21:38:32.111] [exthost] [warning] [Decorations] CAPPING events from decorations provider vscode.git 4437
[2022-12-15 21:38:37.392] [exthost] [warning] [Decorations] CAPPING events from decorations provider vscode.git 4437
[2022-12-15 21:38:42.677] [exthost] [warning] [Decorations] CAPPING events from decorations provider vscode.git 4437
[2022-12-15 21:38:47.961] [exthost] [warning] [Decorations] CAPPING events from decorations provider vscode.git 4437
[2022-12-15 21:38:53.255] [exthost] [warning] [Decorations] CAPPING events from decorations provider vscode.git 4437
[2022-12-15 21:38:58.545] [exthost] [warning] [Decorations] CAPPING events from decorations provider vscode.git 4437
[2022-12-15 21:39:03.853] [exthost] [warning] [Decorations] CAPPING events from decorations provider vscode.git 4437
[2022-12-15 21:39:09.138] [exthost] [warning] [Decorations] CAPPING events from decorations provider vscode.git 4437
[2022-12-15 21:39:14.437] [exthost] [warning] [Decorations] CAPPING events from decorations provider vscode.git 4437
[2022-12-15 21:39:19.717] [exthost] [warning] [Decorations] CAPPING events from decorations provider vscode.git 4437
[2022-12-15 21:39:25.008] [exthost] [warning] [Decorations] CAPPING events from decorations provider vscode.git 4437
[2022-12-15 21:39:30.289] [exthost] [warning] [Decorations] CAPPING events from decorations provider vscode.git 4437
[2022-12-15 21:39:35.581] [exthost] [warning] [Decorations] CAPPING events from decorations provider vscode.git 4437
[2022-12-15 21:39:40.867] [exthost] [warning] [Decorations] CAPPING events from decorations provider vscode.git 4437
[2022-12-15 21:39:46.160] [exthost] [warning] [Decorations] CAPPING events from decorations provider vscode.git 4437
[2022-12-15 21:39:51.450] [exthost] [warning] [Decorations] CAPPING events from decorations provider vscode.git 4437
[2022-12-15 21:39:56.748] [exthost] [warning] [Decorations] CAPPING events from decorations provider vscode.git 4437
[2022-12-15 21:40:02.036] [exthost] [warning] [Decorations] CAPPING events from decorations provider vscode.git 4437
[2022-12-15 21:40:07.320] [exthost] [warning] [Decorations] CAPPING events from decorations provider vscode.git 4437
[2022-12-15 21:40:12.600] [exthost] [warning] [Decorations] CAPPING events from decorations provider vscode.git 4437
[2022-12-15 21:40:17.882] [exthost] [warning] [Decorations] CAPPING events from decorations provider vscode.git 4437
[2022-12-15 21:40:23.161] [exthost] [warning] [Decorations] CAPPING events from decorations provider vscode.git 4437
[2022-12-15 21:40:28.446] [exthost] [warning] [Decorations] CAPPING events from decorations provider vscode.git 4437
[2022-12-15 21:40:33.733] [exthost] [warning] [Decorations] CAPPING events from decorations provider vscode.git 4437
[2022-12-15 21:40:39.021] [exthost] [warning] [Decorations] CAPPING events from decorations provider vscode.git 4437
[2022-12-15 21:40:44.308] [exthost] [warning] [Decorations] CAPPING events from decorations provider vscode.git 4437
[2022-12-15 21:40:49.606] [exthost] [warning] [Decorations] CAPPING events from decorations provider vscode.git 4437
[2022-12-15 21:40:54.893] [exthost] [warning] [Decorations] CAPPING events from decorations provider vscode.git 4437
[2022-12-15 21:41:00.184] [exthost] [warning] [Decorations] CAPPING events from decorations provider vscode.git 4437
[2022-12-15 21:41:05.468] [exthost] [warning] [Decorations] CAPPING events from decorations provider vscode.git 4437
[2022-12-15 21:41:51.231] [exthost] [warning] [Decorations] CAPPING events from decorations provider vscode.git 4437
[2022-12-15 21:41:56.491] [exthost] [warning] [Decorations] CAPPING events from decorations provider vscode.git 4437
[2022-12-15 21:42:13.777] [exthost] [warning] [Decorations] CAPPING events from decorations provider vscode.git 4437
[2022-12-15 21:42:19.048] [exthost] [warning] [Decorations] CAPPING events from decorations provider vscode.git 4437
[2022-12-15 21:54:29.363] [exthost] [warning] [Decorations] CAPPING events from decorations provider vscode.git 4437
[2022-12-15 21:54:34.631] [exthost] [warning] [Decorations] CAPPING events from decorations provider vscode.git 4437
[2022-12-15 21:54:39.915] [exthost] [warning] [Decorations] CAPPING events from decorations provider vscode.git 4437
[2022-12-15 21:54:45.193] [exthost] [warning] [Decorations] CAPPING events from decorations provider vscode.git 4437
[2022-12-15 21:54:50.458] [exthost] [warning] [Decorations] CAPPING events from decorations provider vscode.git 4437
[2022-12-15 21:54:55.727] [exthost] [warning] [Decorations] CAPPING events from decorations provider vscode.git 4437
[2022-12-15 21:55:04.594] [exthost] [warning] [Decorations] CAPPING events from decorations provider vscode.git 4437
[2022-12-15 21:55:09.867] [exthost] [warning] [Decorations] CAPPING events from decorations provider vscode.git 4437
[2022-12-15 21:55:15.143] [exthost] [warning] [Decorations] CAPPING events from decorations provider vscode.git 4437
[2022-12-15 21:55:20.420] [exthost] [warning] [Decorations] CAPPING events from decorations provider vscode.git 4437
[2022-12-15 21:55:25.703] [exthost] [warning] [Decorations] CAPPING events from decorations provider vscode.git 4437
[2022-12-15 21:55:30.991] [exthost] [warning] [Decorations] CAPPING events from decorations provider vscode.git 4437
[2022-12-15 21:55:36.871] [exthost] [warning] [Decorations] CAPPING events from decorations provider vscode.git 4437
[2022-12-15 21:56:24.507] [exthost] [warning] [Decorations] CAPPING events from decorations provider vscode.git 4437
[2022-12-15 21:56:29.766] [exthost] [warning] [Decorations] CAPPING events from decorations provider vscode.git 4437
[2022-12-15 21:57:22.472] [exthost] [warning] [Decorations] CAPPING events from decorations provider vscode.git 4437
[2022-12-15 21:57:27.744] [exthost] [warning] [Decorations] CAPPING events from decorations provider vscode.git 4437
