[2022-12-11 17:01:47.542] [exthost] [info] Extension host with pid 244959 started
[2022-12-11 17:01:47.551] [exthost] [info] Lock '/home/csmajs/mchen356/.vscode-server/data/User/workspaceStorage/e8a7f1f18b1e28f79f15c1ce93bd32b3/vscode.lock': Lock acquired.
[2022-12-11 17:01:47.637] [exthost] [info] ExtensionService#_doActivateExtension ms-vscode.cpptools, startup: false, activationEvent: 'onLanguage:cpp'
[2022-12-11 17:01:47.768] [exthost] [info] ExtensionService#_doActivateExtension vscode.debug-auto-launch, startup: true, activationEvent: '*'
[2022-12-11 17:01:47.772] [exthost] [info] ExtensionService#_doActivateExtension vscode.git-base, startup: true, activationEvent: '*', root cause: vscode.git
[2022-12-11 17:01:47.775] [exthost] [info] ExtensionService#_doActivateExtension vscode.ipynb, startup: true, activationEvent: '*'
[2022-12-11 17:01:47.867] [exthost] [info] ExtensionService#_doActivateExtension vscode.git, startup: true, activationEvent: '*'
[2022-12-11 17:01:47.937] [exthost] [info] ExtensionService#_doActivateExtension vscode.github, startup: true, activationEvent: '*'
[2022-12-11 17:01:48.242] [exthost] [info] ExtensionService#_doActivateExtension vscode.emmet, startup: false, activationEvent: 'onStartupFinished'
[2022-12-11 17:01:48.258] [exthost] [info] ExtensionService#_doActivateExtension vscode.merge-conflict, startup: false, activationEvent: 'onStartupFinished'
[2022-12-11 17:01:48.261] [exthost] [info] Eager extensions activated
[2022-12-11 21:10:14.703] [exthost] [info] Extension host terminating: renderer disconnected for too long (1)
[2022-12-11 21:10:14.703] [exthost] [info] Lock '/home/csmajs/mchen356/.vscode-server/data/User/workspaceStorage/e8a7f1f18b1e28f79f15c1ce93bd32b3/vscode.lock': Marking the lockfile as scheduled to be released in 6000 ms.
[2022-12-11 21:10:14.728] [exthost] [error] [ms-vscode.cpptools] provider FAILED
[2022-12-11 21:10:14.728] [exthost] [error] Error: Pending response rejected since connection got disposed
	at Object.dispose (/data/home/csmajs/mchen356/.vscode-server/extensions/ms-vscode.cpptools-1.12.4-linux-x64/dist/main.js:53227:27)
	at Object.dispose (/data/home/csmajs/mchen356/.vscode-server/extensions/ms-vscode.cpptools-1.12.4-linux-x64/dist/main.js:56788:35)
	at /data/home/csmajs/mchen356/.vscode-server/extensions/ms-vscode.cpptools-1.12.4-linux-x64/dist/main.js:56235:28
	at runMicrotasks (<anonymous>)
	at processTicksAndRejections (node:internal/process/task_queues:96:5)
[2022-12-11 21:10:14.728] [exthost] [error] [ms-vscode.cpptools] provider FAILED
[2022-12-11 21:10:14.728] [exthost] [error] Error: Pending response rejected since connection got disposed
	at Object.dispose (/data/home/csmajs/mchen356/.vscode-server/extensions/ms-vscode.cpptools-1.12.4-linux-x64/dist/main.js:53227:27)
	at Object.dispose (/data/home/csmajs/mchen356/.vscode-server/extensions/ms-vscode.cpptools-1.12.4-linux-x64/dist/main.js:56788:35)
	at /data/home/csmajs/mchen356/.vscode-server/extensions/ms-vscode.cpptools-1.12.4-linux-x64/dist/main.js:56235:28
	at runMicrotasks (<anonymous>)
	at processTicksAndRejections (node:internal/process/task_queues:96:5)
[2022-12-11 21:10:14.729] [exthost] [info] Extension host with pid 244959 exiting with code 0
