[2022-12-15T22:08:56.981Z] Log level: Info
[2022-12-15T22:08:56.986Z] [info] Validating found git in: git
[2022-12-15T22:08:57.012Z] [info] Using git 2.31.1 from git
[2022-12-15T22:08:57.053Z] > git rev-parse --show-toplevel [30ms]
[2022-12-15T22:08:57.053Z] fatal: not a git repository (or any parent up to mount point /)
Stopping at filesystem boundary (GIT_DISCOVERY_ACROSS_FILESYSTEM not set).
[2022-12-15T22:08:57.070Z] > git rev-parse --show-toplevel [8ms]
[2022-12-15T22:08:57.070Z] fatal: not a git repository (or any parent up to mount point /)
Stopping at filesystem boundary (GIT_DISCOVERY_ACROSS_FILESYSTEM not set).
[2022-12-15T22:08:57.080Z] > git rev-parse --show-toplevel [5ms]
[2022-12-15T22:08:57.080Z] fatal: not a git repository (or any parent up to mount point /)
Stopping at filesystem boundary (GIT_DISCOVERY_ACROSS_FILESYSTEM not set).
[2022-12-15T22:08:57.086Z] > git rev-parse --show-toplevel [2ms]
[2022-12-15T22:08:57.086Z] fatal: not a git repository (or any parent up to mount point /)
Stopping at filesystem boundary (GIT_DISCOVERY_ACROSS_FILESYSTEM not set).
[2022-12-15T22:08:57.092Z] > git rev-parse --show-toplevel [3ms]
[2022-12-15T22:08:57.092Z] fatal: not a git repository (or any parent up to mount point /)
Stopping at filesystem boundary (GIT_DISCOVERY_ACROSS_FILESYSTEM not set).
[2022-12-15T22:08:57.219Z] > git rev-parse --show-toplevel [123ms]
[2022-12-15T22:08:57.219Z] fatal: not a git repository (or any parent up to mount point /)
Stopping at filesystem boundary (GIT_DISCOVERY_ACROSS_FILESYSTEM not set).
[2022-12-15T22:08:57.241Z] > git rev-parse --show-toplevel [17ms]
[2022-12-15T22:08:57.241Z] fatal: not a git repository (or any parent up to mount point /)
Stopping at filesystem boundary (GIT_DISCOVERY_ACROSS_FILESYSTEM not set).
[2022-12-15T22:08:57.250Z] > git rev-parse --show-toplevel [4ms]
[2022-12-15T22:08:57.250Z] fatal: not a git repository (or any parent up to mount point /)
Stopping at filesystem boundary (GIT_DISCOVERY_ACROSS_FILESYSTEM not set).
[2022-12-15T22:08:57.299Z] > git rev-parse --show-toplevel [45ms]
[2022-12-15T22:08:57.299Z] fatal: not a git repository (or any parent up to mount point /)
Stopping at filesystem boundary (GIT_DISCOVERY_ACROSS_FILESYSTEM not set).
[2022-12-15T22:08:57.308Z] > git rev-parse --show-toplevel [4ms]
[2022-12-15T22:08:57.308Z] fatal: not a git repository (or any parent up to mount point /)
Stopping at filesystem boundary (GIT_DISCOVERY_ACROSS_FILESYSTEM not set).
[2022-12-15T22:08:57.316Z] > git rev-parse --show-toplevel [3ms]
[2022-12-15T22:08:57.316Z] fatal: not a git repository (or any parent up to mount point /)
Stopping at filesystem boundary (GIT_DISCOVERY_ACROSS_FILESYSTEM not set).
[2022-12-15T22:08:57.348Z] > git rev-parse --show-toplevel [28ms]
[2022-12-15T22:08:57.348Z] fatal: not a git repository (or any parent up to mount point /)
Stopping at filesystem boundary (GIT_DISCOVERY_ACROSS_FILESYSTEM not set).
[2022-12-15T22:08:57.356Z] > git rev-parse --show-toplevel [2ms]
[2022-12-15T22:08:57.356Z] fatal: not a git repository (or any parent up to mount point /)
Stopping at filesystem boundary (GIT_DISCOVERY_ACROSS_FILESYSTEM not set).
[2022-12-15T22:08:57.362Z] > git rev-parse --show-toplevel [2ms]
[2022-12-15T22:08:57.362Z] fatal: not a git repository (or any parent up to mount point /)
Stopping at filesystem boundary (GIT_DISCOVERY_ACROSS_FILESYSTEM not set).
[2022-12-15T22:08:57.369Z] > git rev-parse --show-toplevel [2ms]
[2022-12-15T22:08:57.369Z] fatal: not a git repository (or any parent up to mount point /)
Stopping at filesystem boundary (GIT_DISCOVERY_ACROSS_FILESYSTEM not set).
[2022-12-15T22:08:57.402Z] > git rev-parse --show-toplevel [29ms]
[2022-12-15T22:08:57.402Z] fatal: not a git repository (or any parent up to mount point /)
Stopping at filesystem boundary (GIT_DISCOVERY_ACROSS_FILESYSTEM not set).
[2022-12-15T22:08:57.410Z] > git rev-parse --show-toplevel [2ms]
[2022-12-15T22:08:57.410Z] fatal: not a git repository (or any parent up to mount point /)
Stopping at filesystem boundary (GIT_DISCOVERY_ACROSS_FILESYSTEM not set).
[2022-12-15T22:08:57.443Z] > git rev-parse --show-toplevel [29ms]
[2022-12-15T22:08:57.443Z] fatal: not a git repository (or any parent up to mount point /)
Stopping at filesystem boundary (GIT_DISCOVERY_ACROSS_FILESYSTEM not set).
[2022-12-15T22:08:57.455Z] > git rev-parse --show-toplevel [7ms]
[2022-12-15T22:08:57.455Z] fatal: not a git repository (or any parent up to mount point /)
Stopping at filesystem boundary (GIT_DISCOVERY_ACROSS_FILESYSTEM not set).
[2022-12-15T22:08:57.464Z] > git rev-parse --show-toplevel [5ms]
[2022-12-15T22:08:57.464Z] fatal: not a git repository (or any parent up to mount point /)
Stopping at filesystem boundary (GIT_DISCOVERY_ACROSS_FILESYSTEM not set).
[2022-12-15T22:08:57.470Z] > git rev-parse --show-toplevel [1ms]
[2022-12-15T22:08:57.470Z] fatal: not a git repository (or any parent up to mount point /)
Stopping at filesystem boundary (GIT_DISCOVERY_ACROSS_FILESYSTEM not set).
[2022-12-15T22:08:57.477Z] > git rev-parse --show-toplevel [3ms]
[2022-12-15T22:08:57.477Z] fatal: not a git repository (or any parent up to mount point /)
Stopping at filesystem boundary (GIT_DISCOVERY_ACROSS_FILESYSTEM not set).
[2022-12-15T22:08:57.484Z] > git rev-parse --show-toplevel [3ms]
[2022-12-15T22:08:57.484Z] fatal: not a git repository (or any parent up to mount point /)
Stopping at filesystem boundary (GIT_DISCOVERY_ACROSS_FILESYSTEM not set).
[2022-12-15T22:08:57.491Z] > git rev-parse --show-toplevel [3ms]
[2022-12-15T22:08:57.491Z] fatal: not a git repository (or any parent up to mount point /)
Stopping at filesystem boundary (GIT_DISCOVERY_ACROSS_FILESYSTEM not set).
[2022-12-15T22:08:57.498Z] > git rev-parse --show-toplevel [3ms]
[2022-12-15T22:08:57.498Z] fatal: not a git repository (or any parent up to mount point /)
Stopping at filesystem boundary (GIT_DISCOVERY_ACROSS_FILESYSTEM not set).
[2022-12-15T22:08:57.505Z] > git rev-parse --show-toplevel [2ms]
[2022-12-15T22:08:57.505Z] fatal: not a git repository (or any parent up to mount point /)
Stopping at filesystem boundary (GIT_DISCOVERY_ACROSS_FILESYSTEM not set).
[2022-12-15T22:08:57.513Z] > git rev-parse --show-toplevel [4ms]
[2022-12-15T22:08:57.513Z] fatal: not a git repository (or any parent up to mount point /)
Stopping at filesystem boundary (GIT_DISCOVERY_ACROSS_FILESYSTEM not set).
[2022-12-15T22:08:57.519Z] > git rev-parse --show-toplevel [2ms]
[2022-12-15T22:08:57.519Z] fatal: not a git repository (or any parent up to mount point /)
Stopping at filesystem boundary (GIT_DISCOVERY_ACROSS_FILESYSTEM not set).
[2022-12-15T22:09:05.227Z] > git rev-parse --show-toplevel [1ms]
[2022-12-15T22:09:05.227Z] fatal: not a git repository (or any parent up to mount point /)
Stopping at filesystem boundary (GIT_DISCOVERY_ACROSS_FILESYSTEM not set).
[2022-12-15T22:09:09.411Z] > git rev-parse --show-toplevel [2ms]
[2022-12-15T22:09:09.411Z] fatal: not a git repository (or any parent up to mount point /)
Stopping at filesystem boundary (GIT_DISCOVERY_ACROSS_FILESYSTEM not set).
[2022-12-15T22:09:18.311Z] > git rev-parse --show-toplevel [2ms]
[2022-12-15T22:09:18.311Z] fatal: not a git repository (or any parent up to mount point /)
Stopping at filesystem boundary (GIT_DISCOVERY_ACROSS_FILESYSTEM not set).
[2022-12-15T22:09:21.865Z] > git rev-parse --show-toplevel [2ms]
[2022-12-15T22:09:21.865Z] fatal: not a git repository (or any parent up to mount point /)
Stopping at filesystem boundary (GIT_DISCOVERY_ACROSS_FILESYSTEM not set).
[2022-12-15T22:09:25.802Z] > git rev-parse --show-toplevel [2ms]
[2022-12-15T22:09:25.802Z] fatal: not a git repository (or any parent up to mount point /)
Stopping at filesystem boundary (GIT_DISCOVERY_ACROSS_FILESYSTEM not set).
[2022-12-15T22:09:27.065Z] > git rev-parse --show-toplevel [2ms]
[2022-12-15T22:09:27.065Z] fatal: not a git repository (or any parent up to mount point /)
Stopping at filesystem boundary (GIT_DISCOVERY_ACROSS_FILESYSTEM not set).
[2022-12-15T22:09:31.985Z] > git rev-parse --show-toplevel [1ms]
[2022-12-15T22:09:31.985Z] fatal: not a git repository (or any parent up to mount point /)
Stopping at filesystem boundary (GIT_DISCOVERY_ACROSS_FILESYSTEM not set).
[2022-12-15T22:09:54.771Z] > git rev-parse --show-toplevel [1ms]
[2022-12-15T22:09:54.771Z] fatal: not a git repository (or any parent up to mount point /)
Stopping at filesystem boundary (GIT_DISCOVERY_ACROSS_FILESYSTEM not set).
[2022-12-15T22:32:20.068Z] > git init [4ms]
[2022-12-15T22:32:20.068Z] hint: Using 'master' as the name for the initial branch. This default branch name
hint: is subject to change. To configure the initial branch name to use in all
hint: of your new repositories, which will suppress this warning, call:
hint: 
hint: 	git config --global init.defaultBranch <name>
hint: 
hint: Names commonly chosen instead of 'master' are 'main', 'trunk' and
hint: 'development'. The just-created branch can be renamed via this command:
hint: 
hint: 	git branch -m <name>
[2022-12-15T22:32:20.666Z] > git rev-parse --show-toplevel [1ms]
[2022-12-15T22:32:20.672Z] > git rev-parse --git-dir --git-common-dir [1ms]
[2022-12-15T22:32:20.678Z] [info] Open repository: /data/home/csmajs/mchen356
[2022-12-15T22:32:20.707Z] > git status -z -uall [21ms]
[2022-12-15T22:32:20.713Z] > git symbolic-ref --short HEAD [2ms]
[2022-12-15T22:32:20.718Z] > git for-each-ref --format=%(refname)%00%(upstream:short)%00%(objectname)%00%(upstream:track)%00%(upstream:remotename)%00%(upstream:remoteref) refs/heads/master refs/remotes/master [1ms]
[2022-12-15T22:32:20.728Z] > git remote --verbose [3ms]
[2022-12-15T22:32:20.728Z] > git for-each-ref --sort -committerdate --format %(refname) %(objectname) %(*objectname) [6ms]
[2022-12-15T22:32:21.148Z] > git config --get commit.template [3ms]
[2022-12-15T22:32:21.231Z] > git status -z -uall [75ms]
[2022-12-15T22:32:21.238Z] > git rev-parse --show-toplevel [18ms]
[2022-12-15T22:32:21.240Z] > git symbolic-ref --short HEAD [2ms]
[2022-12-15T22:32:21.248Z] > git for-each-ref --format=%(refname)%00%(upstream:short)%00%(objectname)%00%(upstream:track)%00%(upstream:remotename)%00%(upstream:remoteref) refs/heads/master refs/remotes/master [3ms]
[2022-12-15T22:32:21.257Z] > git for-each-ref --sort -committerdate --format %(refname) %(objectname) %(*objectname) [5ms]
[2022-12-15T22:32:21.258Z] > git remote --verbose [1ms]
[2022-12-15T22:32:21.301Z] > git config --get commit.template [4ms]
[2022-12-15T22:32:22.263Z] > git check-ignore -v -z --stdin [1ms]
[2022-12-15T22:32:23.382Z] > git status -z -uall [18ms]
[2022-12-15T22:32:23.389Z] > git symbolic-ref --short HEAD [1ms]
[2022-12-15T22:32:23.396Z] > git for-each-ref --format=%(refname)%00%(upstream:short)%00%(objectname)%00%(upstream:track)%00%(upstream:remotename)%00%(upstream:remoteref) refs/heads/master refs/remotes/master [1ms]
[2022-12-15T22:32:23.406Z] > git for-each-ref --sort -committerdate --format %(refname) %(objectname) %(*objectname) [5ms]
[2022-12-15T22:32:23.407Z] > git remote --verbose [1ms]
[2022-12-15T22:32:23.453Z] > git config --get commit.template [4ms]
[2022-12-15T22:32:28.481Z] > git status -z -uall [18ms]
[2022-12-15T22:32:28.490Z] > git symbolic-ref --short HEAD [1ms]
[2022-12-15T22:32:28.496Z] > git for-each-ref --format=%(refname)%00%(upstream:short)%00%(objectname)%00%(upstream:track)%00%(upstream:remotename)%00%(upstream:remoteref) refs/heads/master refs/remotes/master [1ms]
[2022-12-15T22:32:28.507Z] > git for-each-ref --sort -committerdate --format %(refname) %(objectname) %(*objectname) [6ms]
[2022-12-15T22:32:28.507Z] > git remote --verbose [1ms]
[2022-12-15T22:32:28.556Z] > git config --get commit.template [1ms]
[2022-12-15T22:32:33.583Z] > git status -z -uall [17ms]
[2022-12-15T22:32:33.591Z] > git symbolic-ref --short HEAD [1ms]
[2022-12-15T22:32:33.599Z] > git for-each-ref --format=%(refname)%00%(upstream:short)%00%(objectname)%00%(upstream:track)%00%(upstream:remotename)%00%(upstream:remoteref) refs/heads/master refs/remotes/master [1ms]
[2022-12-15T22:32:33.611Z] > git for-each-ref --sort -committerdate --format %(refname) %(objectname) %(*objectname) [6ms]
[2022-12-15T22:32:33.611Z] > git remote --verbose [1ms]
[2022-12-15T22:32:33.656Z] > git config --get commit.template [4ms]
[2022-12-15T22:32:44.980Z] > git status -z -uall [17ms]
[2022-12-15T22:32:44.989Z] > git symbolic-ref --short HEAD [1ms]
[2022-12-15T22:32:44.997Z] > git for-each-ref --format=%(refname)%00%(upstream:short)%00%(objectname)%00%(upstream:track)%00%(upstream:remotename)%00%(upstream:remoteref) refs/heads/master refs/remotes/master [1ms]
[2022-12-15T22:32:45.010Z] > git for-each-ref --sort -committerdate --format %(refname) %(objectname) %(*objectname) [6ms]
[2022-12-15T22:32:45.010Z] > git remote --verbose [1ms]
[2022-12-15T22:32:45.051Z] > git config --get commit.template [1ms]
[2022-12-15T22:32:50.151Z] > git rev-parse --show-toplevel [1ms]
[2022-12-15T22:33:45.523Z] > git add -A -- . [55974ms]
[2022-12-15T22:33:45.607Z] > git -c user.useConfigOnly=true commit --quiet --allow-empty-message --file - [78ms]
[2022-12-15T22:33:45.607Z] Author identity unknown

*** Please tell me who you are.

Run

  git config --global user.email "you@example.com"
  git config --global user.name "Your Name"

to set your account's default identity.
Omit --global to set the identity only in this repository.

fatal: no email was given and auto-detection is disabled
[2022-12-15T22:33:45.614Z] > git config --get-all user.name [1ms]
[2022-12-15T22:33:45.639Z] > git status -z -uall [19ms]
[2022-12-15T22:33:45.645Z] > git symbolic-ref --short HEAD [1ms]
[2022-12-15T22:33:45.650Z] > git for-each-ref --format=%(refname)%00%(upstream:short)%00%(objectname)%00%(upstream:track)%00%(upstream:remotename)%00%(upstream:remoteref) refs/heads/master refs/remotes/master [1ms]
[2022-12-15T22:33:45.658Z] > git for-each-ref --sort -committerdate --format %(refname) %(objectname) %(*objectname) [4ms]
[2022-12-15T22:33:45.659Z] > git remote --verbose [1ms]
[2022-12-15T22:33:45.709Z] > git config --get commit.template [2ms]
[2022-12-15T22:33:46.582Z] > git rev-parse --show-toplevel [2ms]
[2022-12-15T22:33:50.589Z] > git rev-parse --show-toplevel [1ms]
[2022-12-15T22:33:50.676Z] > git rev-parse --show-toplevel [1ms]
[2022-12-15T22:33:50.731Z] > git status -z -uall [16ms]
[2022-12-15T22:33:50.737Z] > git symbolic-ref --short HEAD [1ms]
[2022-12-15T22:33:50.743Z] > git for-each-ref --format=%(refname)%00%(upstream:short)%00%(objectname)%00%(upstream:track)%00%(upstream:remotename)%00%(upstream:remoteref) refs/heads/master refs/remotes/master [1ms]
[2022-12-15T22:33:50.752Z] > git for-each-ref --sort -committerdate --format %(refname) %(objectname) %(*objectname) [4ms]
[2022-12-15T22:33:50.753Z] > git remote --verbose [1ms]
[2022-12-15T22:33:50.801Z] > git config --get commit.template [5ms]
[2022-12-15T22:33:56.934Z] > git status -z -uall [15ms]
[2022-12-15T22:33:56.942Z] > git symbolic-ref --short HEAD [1ms]
[2022-12-15T22:33:56.948Z] > git for-each-ref --format=%(refname)%00%(upstream:short)%00%(objectname)%00%(upstream:track)%00%(upstream:remotename)%00%(upstream:remoteref) refs/heads/master refs/remotes/master [1ms]
[2022-12-15T22:33:56.958Z] > git for-each-ref --sort -committerdate --format %(refname) %(objectname) %(*objectname) [5ms]
[2022-12-15T22:33:56.959Z] > git remote --verbose [2ms]
[2022-12-15T22:33:57.003Z] > git config --get commit.template [1ms]
[2022-12-15T22:34:02.027Z] > git status -z -uall [16ms]
[2022-12-15T22:34:02.034Z] > git symbolic-ref --short HEAD [1ms]
[2022-12-15T22:34:02.041Z] > git for-each-ref --format=%(refname)%00%(upstream:short)%00%(objectname)%00%(upstream:track)%00%(upstream:remotename)%00%(upstream:remoteref) refs/heads/master refs/remotes/master [1ms]
[2022-12-15T22:34:02.051Z] > git for-each-ref --sort -committerdate --format %(refname) %(objectname) %(*objectname) [5ms]
[2022-12-15T22:34:02.051Z] > git remote --verbose [1ms]
[2022-12-15T22:34:02.097Z] > git config --get commit.template [5ms]
[2022-12-15T22:34:07.121Z] > git status -z -uall [16ms]
[2022-12-15T22:34:07.129Z] > git symbolic-ref --short HEAD [1ms]
[2022-12-15T22:34:07.136Z] > git for-each-ref --format=%(refname)%00%(upstream:short)%00%(objectname)%00%(upstream:track)%00%(upstream:remotename)%00%(upstream:remoteref) refs/heads/master refs/remotes/master [1ms]
[2022-12-15T22:34:07.146Z] > git for-each-ref --sort -committerdate --format %(refname) %(objectname) %(*objectname) [5ms]
[2022-12-15T22:34:07.146Z] > git remote --verbose [1ms]
[2022-12-15T22:34:07.191Z] > git config --get commit.template [1ms]
[2022-12-15T22:34:12.214Z] > git status -z -uall [16ms]
[2022-12-15T22:34:12.222Z] > git symbolic-ref --short HEAD [1ms]
[2022-12-15T22:34:12.229Z] > git for-each-ref --format=%(refname)%00%(upstream:short)%00%(objectname)%00%(upstream:track)%00%(upstream:remotename)%00%(upstream:remoteref) refs/heads/master refs/remotes/master [1ms]
[2022-12-15T22:34:12.242Z] > git for-each-ref --sort -committerdate --format %(refname) %(objectname) %(*objectname) [8ms]
[2022-12-15T22:34:12.243Z] > git remote --verbose [4ms]
[2022-12-15T22:34:12.287Z] > git config --get commit.template [2ms]
[2022-12-15T22:34:17.311Z] > git status -z -uall [16ms]
[2022-12-15T22:34:17.319Z] > git symbolic-ref --short HEAD [1ms]
[2022-12-15T22:34:17.326Z] > git for-each-ref --format=%(refname)%00%(upstream:short)%00%(objectname)%00%(upstream:track)%00%(upstream:remotename)%00%(upstream:remoteref) refs/heads/master refs/remotes/master [1ms]
[2022-12-15T22:34:17.337Z] > git for-each-ref --sort -committerdate --format %(refname) %(objectname) %(*objectname) [6ms]
[2022-12-15T22:34:17.337Z] > git remote --verbose [1ms]
[2022-12-15T22:34:17.382Z] > git config --get commit.template [4ms]
[2022-12-15T22:34:21.380Z] > git remote add https-//github.com/mchen04/CS010B https://github.com/mchen04/CS010B [1ms]
[2022-12-15T22:34:21.380Z] fatal: 'https-//github.com/mchen04/CS010B' is not a valid remote name
[2022-12-15T22:34:22.409Z] > git status -z -uall [18ms]
[2022-12-15T22:34:22.417Z] > git symbolic-ref --short HEAD [1ms]
[2022-12-15T22:34:22.424Z] > git for-each-ref --format=%(refname)%00%(upstream:short)%00%(objectname)%00%(upstream:track)%00%(upstream:remotename)%00%(upstream:remoteref) refs/heads/master refs/remotes/master [1ms]
[2022-12-15T22:34:22.434Z] > git for-each-ref --sort -committerdate --format %(refname) %(objectname) %(*objectname) [5ms]
[2022-12-15T22:34:22.435Z] > git remote --verbose [1ms]
[2022-12-15T22:34:22.473Z] > git config --get commit.template [1ms]
[2022-12-15T22:34:27.501Z] > git status -z -uall [17ms]
[2022-12-15T22:34:27.510Z] > git symbolic-ref --short HEAD [1ms]
[2022-12-15T22:34:27.518Z] > git for-each-ref --format=%(refname)%00%(upstream:short)%00%(objectname)%00%(upstream:track)%00%(upstream:remotename)%00%(upstream:remoteref) refs/heads/master refs/remotes/master [1ms]
[2022-12-15T22:34:27.530Z] > git for-each-ref --sort -committerdate --format %(refname) %(objectname) %(*objectname) [6ms]
[2022-12-15T22:34:27.531Z] > git remote --verbose [2ms]
[2022-12-15T22:34:27.574Z] > git config --get commit.template [1ms]
[2022-12-15T22:34:34.859Z] > git status -z -uall [15ms]
[2022-12-15T22:34:34.868Z] > git symbolic-ref --short HEAD [1ms]
[2022-12-15T22:34:34.876Z] > git for-each-ref --format=%(refname)%00%(upstream:short)%00%(objectname)%00%(upstream:track)%00%(upstream:remotename)%00%(upstream:remoteref) refs/heads/master refs/remotes/master [1ms]
[2022-12-15T22:34:34.887Z] > git for-each-ref --sort -committerdate --format %(refname) %(objectname) %(*objectname) [6ms]
[2022-12-15T22:34:34.888Z] > git remote --verbose [1ms]
[2022-12-15T22:34:34.933Z] > git config --get commit.template [7ms]
[2022-12-15T22:34:39.959Z] > git status -z -uall [15ms]
[2022-12-15T22:34:39.969Z] > git symbolic-ref --short HEAD [1ms]
[2022-12-15T22:34:39.977Z] > git for-each-ref --format=%(refname)%00%(upstream:short)%00%(objectname)%00%(upstream:track)%00%(upstream:remotename)%00%(upstream:remoteref) refs/heads/master refs/remotes/master [1ms]
[2022-12-15T22:34:39.989Z] > git for-each-ref --sort -committerdate --format %(refname) %(objectname) %(*objectname) [6ms]
[2022-12-15T22:34:39.990Z] > git remote --verbose [1ms]
[2022-12-15T22:34:40.031Z] > git config --get commit.template [1ms]
[2022-12-15T22:34:45.058Z] > git status -z -uall [15ms]
[2022-12-15T22:34:45.069Z] > git symbolic-ref --short HEAD [2ms]
[2022-12-15T22:34:45.077Z] > git for-each-ref --format=%(refname)%00%(upstream:short)%00%(objectname)%00%(upstream:track)%00%(upstream:remotename)%00%(upstream:remoteref) refs/heads/master refs/remotes/master [1ms]
[2022-12-15T22:34:45.092Z] > git for-each-ref --sort -committerdate --format %(refname) %(objectname) %(*objectname) [7ms]
[2022-12-15T22:34:45.092Z] > git remote --verbose [1ms]
[2022-12-15T22:34:45.134Z] > git config --get commit.template [1ms]
[2022-12-15T22:34:50.162Z] > git status -z -uall [16ms]
[2022-12-15T22:34:50.173Z] > git symbolic-ref --short HEAD [1ms]
[2022-12-15T22:34:50.182Z] > git for-each-ref --format=%(refname)%00%(upstream:short)%00%(objectname)%00%(upstream:track)%00%(upstream:remotename)%00%(upstream:remoteref) refs/heads/master refs/remotes/master [1ms]
[2022-12-15T22:34:50.197Z] > git for-each-ref --sort -committerdate --format %(refname) %(objectname) %(*objectname) [7ms]
[2022-12-15T22:34:50.198Z] > git remote --verbose [1ms]
[2022-12-15T22:34:50.242Z] > git config --get commit.template [4ms]
[2022-12-15T22:34:52.499Z] > git remote add CS010B https://github.com/mchen04/CS010B [2ms]
[2022-12-15T22:34:52.525Z] > git status -z -uall [16ms]
[2022-12-15T22:34:52.537Z] > git symbolic-ref --short HEAD [1ms]
[2022-12-15T22:34:52.547Z] > git for-each-ref --format=%(refname)%00%(upstream:short)%00%(objectname)%00%(upstream:track)%00%(upstream:remotename)%00%(upstream:remoteref) refs/heads/master refs/remotes/master [1ms]
[2022-12-15T22:34:52.564Z] > git for-each-ref --sort -committerdate --format %(refname) %(objectname) %(*objectname) [8ms]
[2022-12-15T22:34:52.564Z] > git remote --verbose [1ms]
[2022-12-15T22:34:52.609Z] > git config --get commit.template [2ms]
[2022-12-15T22:34:53.113Z] > git fetch CS010B [495ms]
[2022-12-15T22:34:53.139Z] > git status -z -uall [15ms]
[2022-12-15T22:34:53.151Z] > git symbolic-ref --short HEAD [2ms]
[2022-12-15T22:34:53.161Z] > git for-each-ref --format=%(refname)%00%(upstream:short)%00%(objectname)%00%(upstream:track)%00%(upstream:remotename)%00%(upstream:remoteref) refs/heads/master refs/remotes/master [1ms]
[2022-12-15T22:34:53.178Z] > git for-each-ref --sort -committerdate --format %(refname) %(objectname) %(*objectname) [9ms]
[2022-12-15T22:34:53.178Z] > git remote --verbose [1ms]
[2022-12-15T22:34:53.223Z] > git config --get commit.template [4ms]
[2022-12-15T22:34:53.608Z] > git rev-parse --show-toplevel [3ms]
[2022-12-15T22:35:00.595Z] > git status -z -uall [15ms]
[2022-12-15T22:35:00.607Z] > git symbolic-ref --short HEAD [1ms]
[2022-12-15T22:35:00.618Z] > git for-each-ref --format=%(refname)%00%(upstream:short)%00%(objectname)%00%(upstream:track)%00%(upstream:remotename)%00%(upstream:remoteref) refs/heads/master refs/remotes/master [1ms]
[2022-12-15T22:35:00.635Z] > git for-each-ref --sort -committerdate --format %(refname) %(objectname) %(*objectname) [8ms]
[2022-12-15T22:35:00.636Z] > git remote --verbose [1ms]
[2022-12-15T22:35:00.681Z] > git config --get commit.template [1ms]
[2022-12-15T22:36:04.934Z] > git status -z -uall [21ms]
[2022-12-15T22:36:04.942Z] > git symbolic-ref --short HEAD [1ms]
[2022-12-15T22:36:04.948Z] > git for-each-ref --format=%(refname)%00%(upstream:short)%00%(objectname)%00%(upstream:track)%00%(upstream:remotename)%00%(upstream:remoteref) refs/heads/master refs/remotes/master [1ms]
[2022-12-15T22:36:04.958Z] > git for-each-ref --sort -committerdate --format %(refname) %(objectname) %(*objectname) [5ms]
[2022-12-15T22:36:04.958Z] > git remote --verbose [1ms]
[2022-12-15T22:36:05.008Z] > git config --get commit.template [1ms]
[2022-12-15T22:36:14.705Z] > git status -z -uall [16ms]
[2022-12-15T22:36:14.712Z] > git symbolic-ref --short HEAD [1ms]
[2022-12-15T22:36:14.719Z] > git for-each-ref --format=%(refname)%00%(upstream:short)%00%(objectname)%00%(upstream:track)%00%(upstream:remotename)%00%(upstream:remoteref) refs/heads/master refs/remotes/master [1ms]
[2022-12-15T22:36:14.729Z] > git for-each-ref --sort -committerdate --format %(refname) %(objectname) %(*objectname) [5ms]
[2022-12-15T22:36:14.729Z] > git remote --verbose [1ms]
[2022-12-15T22:36:14.774Z] > git config --get commit.template [4ms]
[2022-12-15T22:36:19.800Z] > git status -z -uall [17ms]
[2022-12-15T22:36:19.809Z] > git symbolic-ref --short HEAD [1ms]
[2022-12-15T22:36:19.817Z] > git for-each-ref --format=%(refname)%00%(upstream:short)%00%(objectname)%00%(upstream:track)%00%(upstream:remotename)%00%(upstream:remoteref) refs/heads/master refs/remotes/master [2ms]
[2022-12-15T22:36:19.828Z] > git for-each-ref --sort -committerdate --format %(refname) %(objectname) %(*objectname) [6ms]
[2022-12-15T22:36:19.828Z] > git remote --verbose [1ms]
[2022-12-15T22:36:19.870Z] > git config --get commit.template [1ms]
[2022-12-15T22:36:24.897Z] > git status -z -uall [17ms]
[2022-12-15T22:36:24.906Z] > git symbolic-ref --short HEAD [1ms]
[2022-12-15T22:36:24.914Z] > git for-each-ref --format=%(refname)%00%(upstream:short)%00%(objectname)%00%(upstream:track)%00%(upstream:remotename)%00%(upstream:remoteref) refs/heads/master refs/remotes/master [2ms]
[2022-12-15T22:36:24.925Z] > git for-each-ref --sort -committerdate --format %(refname) %(objectname) %(*objectname) [6ms]
[2022-12-15T22:36:24.926Z] > git remote --verbose [1ms]
[2022-12-15T22:36:24.968Z] > git config --get commit.template [1ms]
[2022-12-15T22:36:29.995Z] > git status -z -uall [17ms]
[2022-12-15T22:36:30.004Z] > git symbolic-ref --short HEAD [1ms]
[2022-12-15T22:36:30.011Z] > git for-each-ref --format=%(refname)%00%(upstream:short)%00%(objectname)%00%(upstream:track)%00%(upstream:remotename)%00%(upstream:remoteref) refs/heads/master refs/remotes/master [1ms]
[2022-12-15T22:36:30.022Z] > git for-each-ref --sort -committerdate --format %(refname) %(objectname) %(*objectname) [5ms]
[2022-12-15T22:36:30.023Z] > git remote --verbose [1ms]
[2022-12-15T22:36:30.065Z] > git config --get commit.template [1ms]
[2022-12-15T22:36:35.091Z] > git status -z -uall [17ms]
[2022-12-15T22:36:35.100Z] > git symbolic-ref --short HEAD [2ms]
[2022-12-15T22:36:35.107Z] > git for-each-ref --format=%(refname)%00%(upstream:short)%00%(objectname)%00%(upstream:track)%00%(upstream:remotename)%00%(upstream:remoteref) refs/heads/master refs/remotes/master [1ms]
[2022-12-15T22:36:35.118Z] > git for-each-ref --sort -committerdate --format %(refname) %(objectname) %(*objectname) [6ms]
[2022-12-15T22:36:35.118Z] > git remote --verbose [1ms]
[2022-12-15T22:36:35.161Z] > git config --get commit.template [1ms]
[2022-12-15T22:36:40.186Z] > git status -z -uall [16ms]
[2022-12-15T22:36:40.195Z] > git symbolic-ref --short HEAD [1ms]
[2022-12-15T22:36:40.203Z] > git for-each-ref --format=%(refname)%00%(upstream:short)%00%(objectname)%00%(upstream:track)%00%(upstream:remotename)%00%(upstream:remoteref) refs/heads/master refs/remotes/master [1ms]
[2022-12-15T22:36:40.220Z] > git for-each-ref --sort -committerdate --format %(refname) %(objectname) %(*objectname) [10ms]
[2022-12-15T22:36:40.221Z] > git remote --verbose [6ms]
[2022-12-15T22:36:40.280Z] > git config --get commit.template [9ms]
[2022-12-15T22:36:45.309Z] > git status -z -uall [17ms]
[2022-12-15T22:36:45.318Z] > git symbolic-ref --short HEAD [1ms]
[2022-12-15T22:36:45.326Z] > git for-each-ref --format=%(refname)%00%(upstream:short)%00%(objectname)%00%(upstream:track)%00%(upstream:remotename)%00%(upstream:remoteref) refs/heads/master refs/remotes/master [1ms]
[2022-12-15T22:36:45.338Z] > git for-each-ref --sort -committerdate --format %(refname) %(objectname) %(*objectname) [6ms]
[2022-12-15T22:36:45.338Z] > git remote --verbose [1ms]
[2022-12-15T22:36:45.381Z] > git config --get commit.template [1ms]
[2022-12-16T00:32:15.090Z] > git status -z -uall [23ms]
[2022-12-16T00:32:15.099Z] > git symbolic-ref --short HEAD [2ms]
[2022-12-16T00:32:15.107Z] > git for-each-ref --format=%(refname)%00%(upstream:short)%00%(objectname)%00%(upstream:track)%00%(upstream:remotename)%00%(upstream:remoteref) refs/heads/master refs/remotes/master [2ms]
[2022-12-16T00:32:15.119Z] > git for-each-ref --sort -committerdate --format %(refname) %(objectname) %(*objectname) [6ms]
[2022-12-16T00:32:15.120Z] > git remote --verbose [2ms]
[2022-12-16T00:32:15.195Z] > git config --get commit.template [9ms]
[2022-12-16T00:32:20.221Z] > git status -z -uall [16ms]
[2022-12-16T00:32:20.228Z] > git symbolic-ref --short HEAD [1ms]
[2022-12-16T00:32:20.235Z] > git for-each-ref --format=%(refname)%00%(upstream:short)%00%(objectname)%00%(upstream:track)%00%(upstream:remotename)%00%(upstream:remoteref) refs/heads/master refs/remotes/master [1ms]
[2022-12-16T00:32:20.245Z] > git for-each-ref --sort -committerdate --format %(refname) %(objectname) %(*objectname) [5ms]
[2022-12-16T00:32:20.245Z] > git remote --verbose [1ms]
[2022-12-16T00:32:20.291Z] > git config --get commit.template [5ms]
[2022-12-16T00:32:20.692Z] > git rev-parse --show-toplevel [3ms]
[2022-12-16T00:32:25.445Z] > git status -z -uall [144ms]
[2022-12-16T00:32:25.453Z] > git symbolic-ref --short HEAD [1ms]
[2022-12-16T00:32:25.459Z] > git for-each-ref --format=%(refname)%00%(upstream:short)%00%(objectname)%00%(upstream:track)%00%(upstream:remotename)%00%(upstream:remoteref) refs/heads/master refs/remotes/master [1ms]
[2022-12-16T00:32:25.470Z] > git for-each-ref --sort -committerdate --format %(refname) %(objectname) %(*objectname) [5ms]
[2022-12-16T00:32:25.470Z] > git remote --verbose [1ms]
[2022-12-16T00:32:25.513Z] > git config --get commit.template [4ms]
[2022-12-16T00:32:30.674Z] > git status -z -uall [152ms]
[2022-12-16T00:32:30.684Z] > git symbolic-ref --short HEAD [2ms]
[2022-12-16T00:32:30.691Z] > git for-each-ref --format=%(refname)%00%(upstream:short)%00%(objectname)%00%(upstream:track)%00%(upstream:remotename)%00%(upstream:remoteref) refs/heads/master refs/remotes/master [1ms]
[2022-12-16T00:32:30.703Z] > git for-each-ref --sort -committerdate --format %(refname) %(objectname) %(*objectname) [6ms]
[2022-12-16T00:32:30.703Z] > git remote --verbose [1ms]
[2022-12-16T00:32:30.745Z] > git config --get commit.template [1ms]
[2022-12-16T00:32:35.899Z] > git status -z -uall [144ms]
[2022-12-16T00:32:35.909Z] > git symbolic-ref --short HEAD [1ms]
[2022-12-16T00:32:35.917Z] > git for-each-ref --format=%(refname)%00%(upstream:short)%00%(objectname)%00%(upstream:track)%00%(upstream:remotename)%00%(upstream:remoteref) refs/heads/master refs/remotes/master [1ms]
[2022-12-16T00:32:35.929Z] > git for-each-ref --sort -committerdate --format %(refname) %(objectname) %(*objectname) [6ms]
[2022-12-16T00:32:35.929Z] > git remote --verbose [1ms]
[2022-12-16T00:32:35.971Z] > git config --get commit.template [4ms]
[2022-12-16T00:32:41.126Z] > git status -z -uall [143ms]
[2022-12-16T00:32:41.135Z] > git symbolic-ref --short HEAD [1ms]
[2022-12-16T00:32:41.144Z] > git for-each-ref --format=%(refname)%00%(upstream:short)%00%(objectname)%00%(upstream:track)%00%(upstream:remotename)%00%(upstream:remoteref) refs/heads/master refs/remotes/master [1ms]
[2022-12-16T00:32:41.157Z] > git for-each-ref --sort -committerdate --format %(refname) %(objectname) %(*objectname) [7ms]
[2022-12-16T00:32:41.158Z] > git remote --verbose [1ms]
[2022-12-16T00:32:41.202Z] > git config --get commit.template [1ms]
[2022-12-16T00:32:46.358Z] > git status -z -uall [143ms]
[2022-12-16T00:32:46.369Z] > git symbolic-ref --short HEAD [2ms]
[2022-12-16T00:32:46.377Z] > git for-each-ref --format=%(refname)%00%(upstream:short)%00%(objectname)%00%(upstream:track)%00%(upstream:remotename)%00%(upstream:remoteref) refs/heads/master refs/remotes/master [1ms]
[2022-12-16T00:32:46.392Z] > git for-each-ref --sort -committerdate --format %(refname) %(objectname) %(*objectname) [8ms]
[2022-12-16T00:32:46.392Z] > git remote --verbose [1ms]
[2022-12-16T00:32:46.437Z] > git config --get commit.template [5ms]
[2022-12-16T00:32:51.596Z] > git status -z -uall [144ms]
[2022-12-16T00:32:51.607Z] > git symbolic-ref --short HEAD [1ms]
[2022-12-16T00:32:51.616Z] > git for-each-ref --format=%(refname)%00%(upstream:short)%00%(objectname)%00%(upstream:track)%00%(upstream:remotename)%00%(upstream:remoteref) refs/heads/master refs/remotes/master [1ms]
[2022-12-16T00:32:51.631Z] > git for-each-ref --sort -committerdate --format %(refname) %(objectname) %(*objectname) [7ms]
[2022-12-16T00:32:51.632Z] > git remote --verbose [1ms]
[2022-12-16T00:32:51.675Z] > git config --get commit.template [1ms]
[2022-12-16T00:32:56.832Z] > git status -z -uall [143ms]
[2022-12-16T00:32:56.843Z] > git symbolic-ref --short HEAD [1ms]
[2022-12-16T00:32:56.853Z] > git for-each-ref --format=%(refname)%00%(upstream:short)%00%(objectname)%00%(upstream:track)%00%(upstream:remotename)%00%(upstream:remoteref) refs/heads/master refs/remotes/master [1ms]
[2022-12-16T00:32:56.870Z] > git for-each-ref --sort -committerdate --format %(refname) %(objectname) %(*objectname) [9ms]
[2022-12-16T00:32:56.870Z] > git remote --verbose [1ms]
[2022-12-16T00:32:56.914Z] > git config --get commit.template [1ms]
[2022-12-16T00:33:02.075Z] > git status -z -uall [144ms]
[2022-12-16T00:33:02.087Z] > git symbolic-ref --short HEAD [1ms]
[2022-12-16T00:33:02.098Z] > git for-each-ref --format=%(refname)%00%(upstream:short)%00%(objectname)%00%(upstream:track)%00%(upstream:remotename)%00%(upstream:remoteref) refs/heads/master refs/remotes/master [1ms]
[2022-12-16T00:33:02.115Z] > git for-each-ref --sort -committerdate --format %(refname) %(objectname) %(*objectname) [9ms]
[2022-12-16T00:33:02.116Z] > git remote --verbose [1ms]
[2022-12-16T00:33:02.161Z] > git config --get commit.template [4ms]
[2022-12-16T00:33:07.319Z] > git status -z -uall [144ms]
[2022-12-16T00:33:07.331Z] > git symbolic-ref --short HEAD [1ms]
[2022-12-16T00:33:07.343Z] > git for-each-ref --format=%(refname)%00%(upstream:short)%00%(objectname)%00%(upstream:track)%00%(upstream:remotename)%00%(upstream:remoteref) refs/heads/master refs/remotes/master [2ms]
[2022-12-16T00:33:07.361Z] > git for-each-ref --sort -committerdate --format %(refname) %(objectname) %(*objectname) [9ms]
[2022-12-16T00:33:07.362Z] > git remote --verbose [1ms]
[2022-12-16T00:33:07.407Z] > git config --get commit.template [1ms]
[2022-12-16T00:33:12.565Z] > git status -z -uall [143ms]
[2022-12-16T00:33:12.578Z] > git symbolic-ref --short HEAD [1ms]
[2022-12-16T00:33:12.591Z] > git for-each-ref --format=%(refname)%00%(upstream:short)%00%(objectname)%00%(upstream:track)%00%(upstream:remotename)%00%(upstream:remoteref) refs/heads/master refs/remotes/master [1ms]
[2022-12-16T00:33:12.612Z] > git for-each-ref --sort -committerdate --format %(refname) %(objectname) %(*objectname) [10ms]
[2022-12-16T00:33:12.612Z] > git remote --verbose [1ms]
[2022-12-16T00:33:12.660Z] > git config --get commit.template [5ms]
[2022-12-16T00:33:17.819Z] > git status -z -uall [146ms]
[2022-12-16T00:33:17.834Z] > git symbolic-ref --short HEAD [2ms]
[2022-12-16T00:33:17.847Z] > git for-each-ref --format=%(refname)%00%(upstream:short)%00%(objectname)%00%(upstream:track)%00%(upstream:remotename)%00%(upstream:remoteref) refs/heads/master refs/remotes/master [1ms]
[2022-12-16T00:33:17.873Z] > git for-each-ref --sort -committerdate --format %(refname) %(objectname) %(*objectname) [13ms]
[2022-12-16T00:33:17.873Z] > git remote --verbose [1ms]
[2022-12-16T00:33:17.944Z] > git config --get commit.template [15ms]
[2022-12-16T00:33:23.099Z] > git status -z -uall [143ms]
[2022-12-16T00:33:23.107Z] > git symbolic-ref --short HEAD [1ms]
[2022-12-16T00:33:23.113Z] > git for-each-ref --format=%(refname)%00%(upstream:short)%00%(objectname)%00%(upstream:track)%00%(upstream:remotename)%00%(upstream:remoteref) refs/heads/master refs/remotes/master [1ms]
[2022-12-16T00:33:23.124Z] > git for-each-ref --sort -committerdate --format %(refname) %(objectname) %(*objectname) [5ms]
[2022-12-16T00:33:23.124Z] > git remote --verbose [1ms]
[2022-12-16T00:33:23.166Z] > git config --get commit.template [1ms]
[2022-12-16T00:33:28.319Z] > git status -z -uall [144ms]
[2022-12-16T00:33:28.327Z] > git symbolic-ref --short HEAD [1ms]
[2022-12-16T00:33:28.334Z] > git for-each-ref --format=%(refname)%00%(upstream:short)%00%(objectname)%00%(upstream:track)%00%(upstream:remotename)%00%(upstream:remoteref) refs/heads/master refs/remotes/master [1ms]
[2022-12-16T00:33:28.345Z] > git for-each-ref --sort -committerdate --format %(refname) %(objectname) %(*objectname) [6ms]
[2022-12-16T00:33:28.345Z] > git remote --verbose [1ms]
[2022-12-16T00:33:28.384Z] > git config --get commit.template [1ms]
[2022-12-16T00:33:33.538Z] > git status -z -uall [144ms]
[2022-12-16T00:33:33.547Z] > git symbolic-ref --short HEAD [1ms]
[2022-12-16T00:33:33.555Z] > git for-each-ref --format=%(refname)%00%(upstream:short)%00%(objectname)%00%(upstream:track)%00%(upstream:remotename)%00%(upstream:remoteref) refs/heads/master refs/remotes/master [1ms]
[2022-12-16T00:33:33.567Z] > git for-each-ref --sort -committerdate --format %(refname) %(objectname) %(*objectname) [6ms]
[2022-12-16T00:33:33.567Z] > git remote --verbose [1ms]
[2022-12-16T00:33:33.608Z] > git config --get commit.template [1ms]
[2022-12-16T00:33:38.763Z] > git status -z -uall [145ms]
[2022-12-16T00:33:38.773Z] > git symbolic-ref --short HEAD [1ms]
[2022-12-16T00:33:38.781Z] > git for-each-ref --format=%(refname)%00%(upstream:short)%00%(objectname)%00%(upstream:track)%00%(upstream:remotename)%00%(upstream:remoteref) refs/heads/master refs/remotes/master [1ms]
[2022-12-16T00:33:38.794Z] > git for-each-ref --sort -committerdate --format %(refname) %(objectname) %(*objectname) [7ms]
[2022-12-16T00:33:38.794Z] > git remote --verbose [1ms]
[2022-12-16T00:33:38.838Z] > git config --get commit.template [5ms]
[2022-12-16T00:33:43.994Z] > git status -z -uall [144ms]
[2022-12-16T00:33:44.004Z] > git symbolic-ref --short HEAD [1ms]
[2022-12-16T00:33:44.014Z] > git for-each-ref --format=%(refname)%00%(upstream:short)%00%(objectname)%00%(upstream:track)%00%(upstream:remotename)%00%(upstream:remoteref) refs/heads/master refs/remotes/master [1ms]
[2022-12-16T00:33:44.029Z] > git for-each-ref --sort -committerdate --format %(refname) %(objectname) %(*objectname) [8ms]
[2022-12-16T00:33:44.029Z] > git remote --verbose [1ms]
[2022-12-16T00:33:44.071Z] > git config --get commit.template [1ms]
[2022-12-16T00:33:49.235Z] > git status -z -uall [149ms]
[2022-12-16T00:33:49.247Z] > git symbolic-ref --short HEAD [1ms]
[2022-12-16T00:33:49.256Z] > git for-each-ref --format=%(refname)%00%(upstream:short)%00%(objectname)%00%(upstream:track)%00%(upstream:remotename)%00%(upstream:remoteref) refs/heads/master refs/remotes/master [1ms]
[2022-12-16T00:33:49.273Z] > git for-each-ref --sort -committerdate --format %(refname) %(objectname) %(*objectname) [8ms]
[2022-12-16T00:33:49.273Z] > git remote --verbose [1ms]
[2022-12-16T00:33:49.320Z] > git config --get commit.template [1ms]
[2022-12-16T00:33:54.476Z] > git status -z -uall [143ms]
[2022-12-16T00:33:54.487Z] > git symbolic-ref --short HEAD [1ms]
[2022-12-16T00:33:54.496Z] > git for-each-ref --format=%(refname)%00%(upstream:short)%00%(objectname)%00%(upstream:track)%00%(upstream:remotename)%00%(upstream:remoteref) refs/heads/master refs/remotes/master [1ms]
[2022-12-16T00:33:54.512Z] > git for-each-ref --sort -committerdate --format %(refname) %(objectname) %(*objectname) [8ms]
[2022-12-16T00:33:54.512Z] > git remote --verbose [1ms]
[2022-12-16T00:33:54.558Z] > git config --get commit.template [5ms]
[2022-12-16T00:33:59.715Z] > git status -z -uall [142ms]
[2022-12-16T00:33:59.727Z] > git symbolic-ref --short HEAD [1ms]
[2022-12-16T00:33:59.736Z] > git for-each-ref --format=%(refname)%00%(upstream:short)%00%(objectname)%00%(upstream:track)%00%(upstream:remotename)%00%(upstream:remoteref) refs/heads/master refs/remotes/master [1ms]
[2022-12-16T00:33:59.753Z] > git for-each-ref --sort -committerdate --format %(refname) %(objectname) %(*objectname) [8ms]
[2022-12-16T00:33:59.753Z] > git remote --verbose [1ms]
[2022-12-16T00:33:59.798Z] > git config --get commit.template [1ms]
[2022-12-16T00:34:04.955Z] > git status -z -uall [142ms]
[2022-12-16T00:34:04.968Z] > git symbolic-ref --short HEAD [1ms]
[2022-12-16T00:34:04.979Z] > git for-each-ref --format=%(refname)%00%(upstream:short)%00%(objectname)%00%(upstream:track)%00%(upstream:remotename)%00%(upstream:remoteref) refs/heads/master refs/remotes/master [1ms]
[2022-12-16T00:34:04.997Z] > git for-each-ref --sort -committerdate --format %(refname) %(objectname) %(*objectname) [9ms]
[2022-12-16T00:34:04.997Z] > git remote --verbose [1ms]
[2022-12-16T00:34:05.044Z] > git config --get commit.template [4ms]
[2022-12-16T00:34:10.203Z] > git status -z -uall [143ms]
[2022-12-16T00:34:10.216Z] > git symbolic-ref --short HEAD [1ms]
[2022-12-16T00:34:10.227Z] > git for-each-ref --format=%(refname)%00%(upstream:short)%00%(objectname)%00%(upstream:track)%00%(upstream:remotename)%00%(upstream:remoteref) refs/heads/master refs/remotes/master [1ms]
[2022-12-16T00:34:10.246Z] > git for-each-ref --sort -committerdate --format %(refname) %(objectname) %(*objectname) [9ms]
[2022-12-16T00:34:10.247Z] > git remote --verbose [2ms]
[2022-12-16T00:34:10.292Z] > git config --get commit.template [1ms]
[2022-12-16T00:34:15.452Z] > git status -z -uall [143ms]
[2022-12-16T00:34:15.466Z] > git symbolic-ref --short HEAD [1ms]
[2022-12-16T00:34:15.478Z] > git for-each-ref --format=%(refname)%00%(upstream:short)%00%(objectname)%00%(upstream:track)%00%(upstream:remotename)%00%(upstream:remoteref) refs/heads/master refs/remotes/master [1ms]
[2022-12-16T00:34:15.498Z] > git for-each-ref --sort -committerdate --format %(refname) %(objectname) %(*objectname) [10ms]
[2022-12-16T00:34:15.499Z] > git remote --verbose [1ms]
[2022-12-16T00:34:15.547Z] > git config --get commit.template [5ms]
[2022-12-16T00:34:20.709Z] > git status -z -uall [144ms]
[2022-12-16T00:34:20.724Z] > git symbolic-ref --short HEAD [1ms]
[2022-12-16T00:34:20.738Z] > git for-each-ref --format=%(refname)%00%(upstream:short)%00%(objectname)%00%(upstream:track)%00%(upstream:remotename)%00%(upstream:remoteref) refs/heads/master refs/remotes/master [1ms]
[2022-12-16T00:34:20.783Z] > git for-each-ref --sort -committerdate --format %(refname) %(objectname) %(*objectname) [32ms]
[2022-12-16T00:34:20.784Z] > git remote --verbose [21ms]
[2022-12-16T00:34:20.827Z] > git config --get commit.template [2ms]
[2022-12-16T00:34:25.980Z] > git status -z -uall [144ms]
[2022-12-16T00:34:25.988Z] > git symbolic-ref --short HEAD [1ms]
[2022-12-16T00:34:25.995Z] > git for-each-ref --format=%(refname)%00%(upstream:short)%00%(objectname)%00%(upstream:track)%00%(upstream:remotename)%00%(upstream:remoteref) refs/heads/master refs/remotes/master [1ms]
[2022-12-16T00:34:26.005Z] > git for-each-ref --sort -committerdate --format %(refname) %(objectname) %(*objectname) [5ms]
[2022-12-16T00:34:26.006Z] > git remote --verbose [1ms]
[2022-12-16T00:34:26.048Z] > git config --get commit.template [1ms]
[2022-12-16T00:34:31.200Z] > git status -z -uall [143ms]
[2022-12-16T00:34:31.209Z] > git symbolic-ref --short HEAD [1ms]
[2022-12-16T00:34:31.216Z] > git for-each-ref --format=%(refname)%00%(upstream:short)%00%(objectname)%00%(upstream:track)%00%(upstream:remotename)%00%(upstream:remoteref) refs/heads/master refs/remotes/master [1ms]
[2022-12-16T00:34:31.230Z] > git for-each-ref --sort -committerdate --format %(refname) %(objectname) %(*objectname) [9ms]
[2022-12-16T00:34:31.230Z] > git remote --verbose [4ms]
[2022-12-16T00:34:31.274Z] > git config --get commit.template [5ms]
[2022-12-16T00:34:36.427Z] > git status -z -uall [144ms]
[2022-12-16T00:34:36.436Z] > git symbolic-ref --short HEAD [1ms]
[2022-12-16T00:34:36.443Z] > git for-each-ref --format=%(refname)%00%(upstream:short)%00%(objectname)%00%(upstream:track)%00%(upstream:remotename)%00%(upstream:remoteref) refs/heads/master refs/remotes/master [1ms]
[2022-12-16T00:34:36.454Z] > git for-each-ref --sort -committerdate --format %(refname) %(objectname) %(*objectname) [5ms]
[2022-12-16T00:34:36.455Z] > git remote --verbose [1ms]
[2022-12-16T00:34:36.496Z] > git config --get commit.template [1ms]
[2022-12-16T00:34:41.650Z] > git status -z -uall [143ms]
[2022-12-16T00:34:41.659Z] > git symbolic-ref --short HEAD [1ms]
[2022-12-16T00:34:41.667Z] > git for-each-ref --format=%(refname)%00%(upstream:short)%00%(objectname)%00%(upstream:track)%00%(upstream:remotename)%00%(upstream:remoteref) refs/heads/master refs/remotes/master [1ms]
[2022-12-16T00:34:41.680Z] > git for-each-ref --sort -committerdate --format %(refname) %(objectname) %(*objectname) [6ms]
[2022-12-16T00:34:41.680Z] > git remote --verbose [1ms]
[2022-12-16T00:34:41.723Z] > git config --get commit.template [4ms]
[2022-12-16T00:34:46.876Z] > git status -z -uall [142ms]
[2022-12-16T00:34:46.887Z] > git symbolic-ref --short HEAD [1ms]
[2022-12-16T00:34:46.895Z] > git for-each-ref --format=%(refname)%00%(upstream:short)%00%(objectname)%00%(upstream:track)%00%(upstream:remotename)%00%(upstream:remoteref) refs/heads/master refs/remotes/master [1ms]
[2022-12-16T00:34:46.908Z] > git for-each-ref --sort -committerdate --format %(refname) %(objectname) %(*objectname) [6ms]
[2022-12-16T00:34:46.909Z] > git remote --verbose [1ms]
[2022-12-16T00:34:46.951Z] > git config --get commit.template [1ms]
[2022-12-16T00:34:52.107Z] > git status -z -uall [142ms]
[2022-12-16T00:34:52.117Z] > git symbolic-ref --short HEAD [1ms]
[2022-12-16T00:34:52.126Z] > git for-each-ref --format=%(refname)%00%(upstream:short)%00%(objectname)%00%(upstream:track)%00%(upstream:remotename)%00%(upstream:remoteref) refs/heads/master refs/remotes/master [1ms]
[2022-12-16T00:34:52.140Z] > git for-each-ref --sort -committerdate --format %(refname) %(objectname) %(*objectname) [7ms]
[2022-12-16T00:34:52.140Z] > git remote --verbose [1ms]
[2022-12-16T00:34:52.185Z] > git config --get commit.template [5ms]
[2022-12-16T00:34:57.344Z] > git status -z -uall [147ms]
[2022-12-16T00:34:57.356Z] > git symbolic-ref --short HEAD [1ms]
[2022-12-16T00:34:57.366Z] > git for-each-ref --format=%(refname)%00%(upstream:short)%00%(objectname)%00%(upstream:track)%00%(upstream:remotename)%00%(upstream:remoteref) refs/heads/master refs/remotes/master [1ms]
[2022-12-16T00:34:57.382Z] > git for-each-ref --sort -committerdate --format %(refname) %(objectname) %(*objectname) [8ms]
[2022-12-16T00:34:57.382Z] > git remote --verbose [1ms]
[2022-12-16T00:34:57.426Z] > git config --get commit.template [2ms]
[2022-12-16T00:35:02.581Z] > git status -z -uall [143ms]
[2022-12-16T00:35:02.593Z] > git symbolic-ref --short HEAD [1ms]
[2022-12-16T00:35:02.603Z] > git for-each-ref --format=%(refname)%00%(upstream:short)%00%(objectname)%00%(upstream:track)%00%(upstream:remotename)%00%(upstream:remoteref) refs/heads/master refs/remotes/master [1ms]
[2022-12-16T00:35:02.620Z] > git for-each-ref --sort -committerdate --format %(refname) %(objectname) %(*objectname) [8ms]
[2022-12-16T00:35:02.620Z] > git remote --verbose [1ms]
[2022-12-16T00:35:02.665Z] > git config --get commit.template [1ms]
[2022-12-16T00:35:07.826Z] > git status -z -uall [146ms]
[2022-12-16T00:35:07.839Z] > git symbolic-ref --short HEAD [1ms]
[2022-12-16T00:35:07.851Z] > git for-each-ref --format=%(refname)%00%(upstream:short)%00%(objectname)%00%(upstream:track)%00%(upstream:remotename)%00%(upstream:remoteref) refs/heads/master refs/remotes/master [1ms]
[2022-12-16T00:35:07.871Z] > git for-each-ref --sort -committerdate --format %(refname) %(objectname) %(*objectname) [10ms]
[2022-12-16T00:35:07.871Z] > git remote --verbose [1ms]
[2022-12-16T00:35:07.921Z] > git config --get commit.template [5ms]
[2022-12-16T00:35:13.076Z] > git status -z -uall [142ms]
[2022-12-16T00:35:13.089Z] > git symbolic-ref --short HEAD [1ms]
[2022-12-16T00:35:13.100Z] > git for-each-ref --format=%(refname)%00%(upstream:short)%00%(objectname)%00%(upstream:track)%00%(upstream:remotename)%00%(upstream:remoteref) refs/heads/master refs/remotes/master [1ms]
[2022-12-16T00:35:13.119Z] > git for-each-ref --sort -committerdate --format %(refname) %(objectname) %(*objectname) [10ms]
[2022-12-16T00:35:13.119Z] > git remote --verbose [1ms]
[2022-12-16T00:35:13.164Z] > git config --get commit.template [1ms]
[2022-12-16T00:35:18.322Z] > git status -z -uall [143ms]
[2022-12-16T00:35:18.336Z] > git symbolic-ref --short HEAD [1ms]
[2022-12-16T00:35:18.348Z] > git for-each-ref --format=%(refname)%00%(upstream:short)%00%(objectname)%00%(upstream:track)%00%(upstream:remotename)%00%(upstream:remoteref) refs/heads/master refs/remotes/master [1ms]
[2022-12-16T00:35:18.367Z] > git for-each-ref --sort -committerdate --format %(refname) %(objectname) %(*objectname) [9ms]
[2022-12-16T00:35:18.368Z] > git remote --verbose [1ms]
[2022-12-16T00:35:18.416Z] > git config --get commit.template [1ms]
[2022-12-16T00:35:23.569Z] > git status -z -uall [142ms]
[2022-12-16T00:35:23.579Z] > git symbolic-ref --short HEAD [1ms]
[2022-12-16T00:35:23.587Z] > git for-each-ref --format=%(refname)%00%(upstream:short)%00%(objectname)%00%(upstream:track)%00%(upstream:remotename)%00%(upstream:remoteref) refs/heads/master refs/remotes/master [1ms]
[2022-12-16T00:35:23.599Z] > git for-each-ref --sort -committerdate --format %(refname) %(objectname) %(*objectname) [6ms]
[2022-12-16T00:35:23.599Z] > git remote --verbose [1ms]
[2022-12-16T00:35:23.642Z] > git config --get commit.template [1ms]
[2022-12-16T00:35:28.800Z] > git status -z -uall [145ms]
[2022-12-16T00:35:28.810Z] > git symbolic-ref --short HEAD [1ms]
[2022-12-16T00:35:28.817Z] > git for-each-ref --format=%(refname)%00%(upstream:short)%00%(objectname)%00%(upstream:track)%00%(upstream:remotename)%00%(upstream:remoteref) refs/heads/master refs/remotes/master [1ms]
[2022-12-16T00:35:28.830Z] > git for-each-ref --sort -committerdate --format %(refname) %(objectname) %(*objectname) [6ms]
[2022-12-16T00:35:28.830Z] > git remote --verbose [1ms]
[2022-12-16T00:35:28.874Z] > git config --get commit.template [4ms]
[2022-12-16T00:35:34.028Z] > git status -z -uall [143ms]
[2022-12-16T00:35:34.038Z] > git symbolic-ref --short HEAD [1ms]
[2022-12-16T00:35:34.047Z] > git for-each-ref --format=%(refname)%00%(upstream:short)%00%(objectname)%00%(upstream:track)%00%(upstream:remotename)%00%(upstream:remoteref) refs/heads/master refs/remotes/master [1ms]
[2022-12-16T00:35:34.060Z] > git for-each-ref --sort -committerdate --format %(refname) %(objectname) %(*objectname) [6ms]
[2022-12-16T00:35:34.061Z] > git remote --verbose [1ms]
[2022-12-16T00:35:34.103Z] > git config --get commit.template [1ms]
[2022-12-16T00:35:39.257Z] > git status -z -uall [143ms]
[2022-12-16T00:35:39.267Z] > git symbolic-ref --short HEAD [1ms]
[2022-12-16T00:35:39.275Z] > git for-each-ref --format=%(refname)%00%(upstream:short)%00%(objectname)%00%(upstream:track)%00%(upstream:remotename)%00%(upstream:remoteref) refs/heads/master refs/remotes/master [1ms]
[2022-12-16T00:35:39.288Z] > git for-each-ref --sort -committerdate --format %(refname) %(objectname) %(*objectname) [7ms]
[2022-12-16T00:35:39.288Z] > git remote --verbose [1ms]
[2022-12-16T00:35:39.332Z] > git config --get commit.template [5ms]
[2022-12-16T00:35:44.484Z] > git status -z -uall [142ms]
[2022-12-16T00:35:44.494Z] > git symbolic-ref --short HEAD [1ms]
[2022-12-16T00:35:44.503Z] > git for-each-ref --format=%(refname)%00%(upstream:short)%00%(objectname)%00%(upstream:track)%00%(upstream:remotename)%00%(upstream:remoteref) refs/heads/master refs/remotes/master [2ms]
[2022-12-16T00:35:44.516Z] > git for-each-ref --sort -committerdate --format %(refname) %(objectname) %(*objectname) [7ms]
[2022-12-16T00:35:44.517Z] > git remote --verbose [1ms]
[2022-12-16T00:35:44.558Z] > git config --get commit.template [1ms]
[2022-12-16T00:35:49.713Z] > git status -z -uall [143ms]
[2022-12-16T00:35:49.726Z] > git symbolic-ref --short HEAD [1ms]
[2022-12-16T00:35:49.736Z] > git for-each-ref --format=%(refname)%00%(upstream:short)%00%(objectname)%00%(upstream:track)%00%(upstream:remotename)%00%(upstream:remoteref) refs/heads/master refs/remotes/master [1ms]
[2022-12-16T00:35:49.751Z] > git for-each-ref --sort -committerdate --format %(refname) %(objectname) %(*objectname) [7ms]
[2022-12-16T00:35:49.752Z] > git remote --verbose [1ms]
[2022-12-16T00:35:49.797Z] > git config --get commit.template [1ms]
[2022-12-16T00:35:54.953Z] > git status -z -uall [144ms]
[2022-12-16T00:35:54.965Z] > git symbolic-ref --short HEAD [1ms]
[2022-12-16T00:35:54.975Z] > git for-each-ref --format=%(refname)%00%(upstream:short)%00%(objectname)%00%(upstream:track)%00%(upstream:remotename)%00%(upstream:remoteref) refs/heads/master refs/remotes/master [1ms]
[2022-12-16T00:35:54.991Z] > git for-each-ref --sort -committerdate --format %(refname) %(objectname) %(*objectname) [8ms]
[2022-12-16T00:35:54.991Z] > git remote --verbose [1ms]
[2022-12-16T00:35:55.038Z] > git config --get commit.template [5ms]
[2022-12-16T00:36:00.195Z] > git status -z -uall [144ms]
[2022-12-16T00:36:00.208Z] > git symbolic-ref --short HEAD [1ms]
[2022-12-16T00:36:00.219Z] > git for-each-ref --format=%(refname)%00%(upstream:short)%00%(objectname)%00%(upstream:track)%00%(upstream:remotename)%00%(upstream:remoteref) refs/heads/master refs/remotes/master [1ms]
[2022-12-16T00:36:00.236Z] > git for-each-ref --sort -committerdate --format %(refname) %(objectname) %(*objectname) [8ms]
[2022-12-16T00:36:00.236Z] > git remote --verbose [1ms]
[2022-12-16T00:36:00.280Z] > git config --get commit.template [1ms]
[2022-12-16T00:36:05.437Z] > git status -z -uall [143ms]
[2022-12-16T00:36:05.449Z] > git symbolic-ref --short HEAD [1ms]
[2022-12-16T00:36:05.460Z] > git for-each-ref --format=%(refname)%00%(upstream:short)%00%(objectname)%00%(upstream:track)%00%(upstream:remotename)%00%(upstream:remoteref) refs/heads/master refs/remotes/master [1ms]
[2022-12-16T00:36:05.478Z] > git for-each-ref --sort -committerdate --format %(refname) %(objectname) %(*objectname) [9ms]
[2022-12-16T00:36:05.479Z] > git remote --verbose [2ms]
[2022-12-16T00:36:05.524Z] > git config --get commit.template [1ms]
[2022-12-16T00:36:10.685Z] > git status -z -uall [143ms]
[2022-12-16T00:36:10.698Z] > git symbolic-ref --short HEAD [1ms]
[2022-12-16T00:36:10.709Z] > git for-each-ref --format=%(refname)%00%(upstream:short)%00%(objectname)%00%(upstream:track)%00%(upstream:remotename)%00%(upstream:remoteref) refs/heads/master refs/remotes/master [1ms]
[2022-12-16T00:36:10.728Z] > git for-each-ref --sort -committerdate --format %(refname) %(objectname) %(*objectname) [9ms]
[2022-12-16T00:36:10.729Z] > git remote --verbose [1ms]
[2022-12-16T00:36:10.776Z] > git config --get commit.template [5ms]
[2022-12-16T00:36:15.941Z] > git status -z -uall [149ms]
[2022-12-16T00:36:15.956Z] > git symbolic-ref --short HEAD [1ms]
[2022-12-16T00:36:15.968Z] > git for-each-ref --format=%(refname)%00%(upstream:short)%00%(objectname)%00%(upstream:track)%00%(upstream:remotename)%00%(upstream:remoteref) refs/heads/master refs/remotes/master [1ms]
[2022-12-16T00:36:15.988Z] > git for-each-ref --sort -committerdate --format %(refname) %(objectname) %(*objectname) [10ms]
[2022-12-16T00:36:15.988Z] > git remote --verbose [1ms]
[2022-12-16T00:36:16.035Z] > git config --get commit.template [1ms]
[2022-12-16T00:36:21.202Z] > git status -z -uall [151ms]
[2022-12-16T00:36:21.218Z] > git symbolic-ref --short HEAD [2ms]
[2022-12-16T00:36:21.232Z] > git for-each-ref --format=%(refname)%00%(upstream:short)%00%(objectname)%00%(upstream:track)%00%(upstream:remotename)%00%(upstream:remoteref) refs/heads/master refs/remotes/master [1ms]
[2022-12-16T00:36:21.259Z] > git for-each-ref --sort -committerdate --format %(refname) %(objectname) %(*objectname) [13ms]
[2022-12-16T00:36:21.270Z] > git remote --verbose [12ms]
[2022-12-16T00:36:21.319Z] > git config --get commit.template [2ms]
[2022-12-16T00:36:26.479Z] > git status -z -uall [150ms]
[2022-12-16T00:36:26.488Z] > git symbolic-ref --short HEAD [1ms]
[2022-12-16T00:36:26.495Z] > git for-each-ref --format=%(refname)%00%(upstream:short)%00%(objectname)%00%(upstream:track)%00%(upstream:remotename)%00%(upstream:remoteref) refs/heads/master refs/remotes/master [1ms]
[2022-12-16T00:36:26.507Z] > git for-each-ref --sort -committerdate --format %(refname) %(objectname) %(*objectname) [6ms]
[2022-12-16T00:36:26.508Z] > git remote --verbose [1ms]
[2022-12-16T00:36:26.550Z] > git config --get commit.template [1ms]
[2022-12-16T00:36:31.705Z] > git status -z -uall [145ms]
[2022-12-16T00:36:31.713Z] > git symbolic-ref --short HEAD [1ms]
[2022-12-16T00:36:31.722Z] > git for-each-ref --format=%(refname)%00%(upstream:short)%00%(objectname)%00%(upstream:track)%00%(upstream:remotename)%00%(upstream:remoteref) refs/heads/master refs/remotes/master [3ms]
[2022-12-16T00:36:31.733Z] > git for-each-ref --sort -committerdate --format %(refname) %(objectname) %(*objectname) [5ms]
[2022-12-16T00:36:31.734Z] > git remote --verbose [1ms]
[2022-12-16T00:36:31.773Z] > git config --get commit.template [1ms]
[2022-12-16T00:36:36.926Z] > git status -z -uall [142ms]
[2022-12-16T00:36:36.935Z] > git symbolic-ref --short HEAD [1ms]
[2022-12-16T00:36:36.942Z] > git for-each-ref --format=%(refname)%00%(upstream:short)%00%(objectname)%00%(upstream:track)%00%(upstream:remotename)%00%(upstream:remoteref) refs/heads/master refs/remotes/master [1ms]
[2022-12-16T00:36:36.954Z] > git for-each-ref --sort -committerdate --format %(refname) %(objectname) %(*objectname) [6ms]
[2022-12-16T00:36:36.955Z] > git remote --verbose [1ms]
[2022-12-16T00:36:36.995Z] > git config --get commit.template [1ms]
[2022-12-16T00:36:42.148Z] > git status -z -uall [142ms]
[2022-12-16T00:36:42.157Z] > git symbolic-ref --short HEAD [1ms]
[2022-12-16T00:36:42.165Z] > git for-each-ref --format=%(refname)%00%(upstream:short)%00%(objectname)%00%(upstream:track)%00%(upstream:remotename)%00%(upstream:remoteref) refs/heads/master refs/remotes/master [1ms]
[2022-12-16T00:36:42.177Z] > git for-each-ref --sort -committerdate --format %(refname) %(objectname) %(*objectname) [6ms]
[2022-12-16T00:36:42.178Z] > git remote --verbose [1ms]
[2022-12-16T00:36:42.221Z] > git config --get commit.template [5ms]
[2022-12-16T00:36:47.377Z] > git status -z -uall [143ms]
[2022-12-16T00:36:47.387Z] > git symbolic-ref --short HEAD [2ms]
[2022-12-16T00:36:47.396Z] > git for-each-ref --format=%(refname)%00%(upstream:short)%00%(objectname)%00%(upstream:track)%00%(upstream:remotename)%00%(upstream:remoteref) refs/heads/master refs/remotes/master [1ms]
[2022-12-16T00:36:47.409Z] > git for-each-ref --sort -committerdate --format %(refname) %(objectname) %(*objectname) [6ms]
[2022-12-16T00:36:47.410Z] > git remote --verbose [1ms]
[2022-12-16T00:36:47.451Z] > git config --get commit.template [1ms]
[2022-12-16T00:36:52.605Z] > git status -z -uall [142ms]
[2022-12-16T00:36:52.616Z] > git symbolic-ref --short HEAD [2ms]
[2022-12-16T00:36:52.624Z] > git for-each-ref --format=%(refname)%00%(upstream:short)%00%(objectname)%00%(upstream:track)%00%(upstream:remotename)%00%(upstream:remoteref) refs/heads/master refs/remotes/master [1ms]
[2022-12-16T00:36:52.638Z] > git for-each-ref --sort -committerdate --format %(refname) %(objectname) %(*objectname) [7ms]
[2022-12-16T00:36:52.639Z] > git remote --verbose [1ms]
[2022-12-16T00:36:52.684Z] > git config --get commit.template [1ms]
[2022-12-16T00:36:57.840Z] > git status -z -uall [142ms]
[2022-12-16T00:36:57.853Z] > git symbolic-ref --short HEAD [3ms]
[2022-12-16T00:36:57.863Z] > git for-each-ref --format=%(refname)%00%(upstream:short)%00%(objectname)%00%(upstream:track)%00%(upstream:remotename)%00%(upstream:remoteref) refs/heads/master refs/remotes/master [1ms]
[2022-12-16T00:36:57.878Z] > git for-each-ref --sort -committerdate --format %(refname) %(objectname) %(*objectname) [7ms]
[2022-12-16T00:36:57.879Z] > git remote --verbose [1ms]
[2022-12-16T00:36:57.925Z] > git config --get commit.template [5ms]
[2022-12-16T00:37:03.081Z] > git status -z -uall [143ms]
[2022-12-16T00:37:03.092Z] > git symbolic-ref --short HEAD [1ms]
[2022-12-16T00:37:03.102Z] > git for-each-ref --format=%(refname)%00%(upstream:short)%00%(objectname)%00%(upstream:track)%00%(upstream:remotename)%00%(upstream:remoteref) refs/heads/master refs/remotes/master [1ms]
[2022-12-16T00:37:03.119Z] > git for-each-ref --sort -committerdate --format %(refname) %(objectname) %(*objectname) [9ms]
[2022-12-16T00:37:03.119Z] > git remote --verbose [1ms]
[2022-12-16T00:37:03.163Z] > git config --get commit.template [1ms]
[2022-12-16T00:37:08.327Z] > git status -z -uall [150ms]
[2022-12-16T00:37:08.341Z] > git symbolic-ref --short HEAD [2ms]
[2022-12-16T00:37:08.353Z] > git for-each-ref --format=%(refname)%00%(upstream:short)%00%(objectname)%00%(upstream:track)%00%(upstream:remotename)%00%(upstream:remoteref) refs/heads/master refs/remotes/master [1ms]
[2022-12-16T00:37:08.371Z] > git for-each-ref --sort -committerdate --format %(refname) %(objectname) %(*objectname) [9ms]
[2022-12-16T00:37:08.372Z] > git remote --verbose [1ms]
[2022-12-16T00:37:08.419Z] > git config --get commit.template [1ms]
[2022-12-16T00:37:13.575Z] > git status -z -uall [143ms]
[2022-12-16T00:37:13.588Z] > git symbolic-ref --short HEAD [1ms]
[2022-12-16T00:37:13.599Z] > git for-each-ref --format=%(refname)%00%(upstream:short)%00%(objectname)%00%(upstream:track)%00%(upstream:remotename)%00%(upstream:remoteref) refs/heads/master refs/remotes/master [1ms]
[2022-12-16T00:37:13.619Z] > git for-each-ref --sort -committerdate --format %(refname) %(objectname) %(*objectname) [10ms]
[2022-12-16T00:37:13.619Z] > git remote --verbose [1ms]
[2022-12-16T00:37:13.666Z] > git config --get commit.template [4ms]
[2022-12-16T00:37:18.826Z] > git status -z -uall [145ms]
[2022-12-16T00:37:18.841Z] > git symbolic-ref --short HEAD [2ms]
[2022-12-16T00:37:18.853Z] > git for-each-ref --format=%(refname)%00%(upstream:short)%00%(objectname)%00%(upstream:track)%00%(upstream:remotename)%00%(upstream:remoteref) refs/heads/master refs/remotes/master [1ms]
[2022-12-16T00:37:18.873Z] > git for-each-ref --sort -committerdate --format %(refname) %(objectname) %(*objectname) [10ms]
[2022-12-16T00:37:18.873Z] > git remote --verbose [1ms]
[2022-12-16T00:37:18.920Z] > git config --get commit.template [1ms]
[2022-12-16T00:37:24.081Z] > git status -z -uall [145ms]
[2022-12-16T00:37:24.097Z] > git symbolic-ref --short HEAD [1ms]
[2022-12-16T00:37:24.111Z] > git for-each-ref --format=%(refname)%00%(upstream:short)%00%(objectname)%00%(upstream:track)%00%(upstream:remotename)%00%(upstream:remoteref) refs/heads/master refs/remotes/master [2ms]
[2022-12-16T00:37:24.137Z] > git for-each-ref --sort -committerdate --format %(refname) %(objectname) %(*objectname) [13ms]
[2022-12-16T00:37:24.148Z] > git remote --verbose [12ms]
[2022-12-16T00:37:24.200Z] > git config --get commit.template [2ms]
[2022-12-16T00:37:29.351Z] > git status -z -uall [142ms]
[2022-12-16T00:37:29.359Z] > git symbolic-ref --short HEAD [1ms]
[2022-12-16T00:37:29.365Z] > git for-each-ref --format=%(refname)%00%(upstream:short)%00%(objectname)%00%(upstream:track)%00%(upstream:remotename)%00%(upstream:remoteref) refs/heads/master refs/remotes/master [1ms]
[2022-12-16T00:37:29.376Z] > git for-each-ref --sort -committerdate --format %(refname) %(objectname) %(*objectname) [6ms]
[2022-12-16T00:37:29.376Z] > git remote --verbose [1ms]
[2022-12-16T00:37:29.418Z] > git config --get commit.template [1ms]
[2022-12-16T00:37:34.576Z] > git status -z -uall [148ms]
[2022-12-16T00:37:34.585Z] > git symbolic-ref --short HEAD [1ms]
[2022-12-16T00:37:34.592Z] > git for-each-ref --format=%(refname)%00%(upstream:short)%00%(objectname)%00%(upstream:track)%00%(upstream:remotename)%00%(upstream:remoteref) refs/heads/master refs/remotes/master [1ms]
[2022-12-16T00:37:34.606Z] > git for-each-ref --sort -committerdate --format %(refname) %(objectname) %(*objectname) [9ms]
[2022-12-16T00:37:34.606Z] > git remote --verbose [4ms]
[2022-12-16T00:37:34.645Z] > git config --get commit.template [1ms]
[2022-12-16T00:37:39.797Z] > git status -z -uall [143ms]
[2022-12-16T00:37:39.806Z] > git symbolic-ref --short HEAD [1ms]
[2022-12-16T00:37:39.814Z] > git for-each-ref --format=%(refname)%00%(upstream:short)%00%(objectname)%00%(upstream:track)%00%(upstream:remotename)%00%(upstream:remoteref) refs/heads/master refs/remotes/master [1ms]
[2022-12-16T00:37:39.825Z] > git for-each-ref --sort -committerdate --format %(refname) %(objectname) %(*objectname) [6ms]
[2022-12-16T00:37:39.825Z] > git remote --verbose [1ms]
[2022-12-16T00:37:39.865Z] > git config --get commit.template [1ms]
[2022-12-16T00:37:45.023Z] > git status -z -uall [144ms]
[2022-12-16T00:37:45.033Z] > git symbolic-ref --short HEAD [1ms]
[2022-12-16T00:37:45.042Z] > git for-each-ref --format=%(refname)%00%(upstream:short)%00%(objectname)%00%(upstream:track)%00%(upstream:remotename)%00%(upstream:remoteref) refs/heads/master refs/remotes/master [1ms]
[2022-12-16T00:37:45.056Z] > git for-each-ref --sort -committerdate --format %(refname) %(objectname) %(*objectname) [7ms]
[2022-12-16T00:37:45.056Z] > git remote --verbose [1ms]
[2022-12-16T00:37:45.101Z] > git config --get commit.template [5ms]
[2022-12-16T00:37:50.255Z] > git status -z -uall [143ms]
[2022-12-16T00:37:50.266Z] > git symbolic-ref --short HEAD [1ms]
[2022-12-16T00:37:50.274Z] > git for-each-ref --format=%(refname)%00%(upstream:short)%00%(objectname)%00%(upstream:track)%00%(upstream:remotename)%00%(upstream:remoteref) refs/heads/master refs/remotes/master [1ms]
[2022-12-16T00:37:50.288Z] > git remote --verbose [1ms]
[2022-12-16T00:37:50.288Z] > git for-each-ref --sort -committerdate --format %(refname) %(objectname) %(*objectname) [7ms]
[2022-12-16T00:37:50.331Z] > git config --get commit.template [1ms]
[2022-12-16T00:37:55.487Z] > git status -z -uall [143ms]
[2022-12-16T00:37:55.498Z] > git symbolic-ref --short HEAD [1ms]
[2022-12-16T00:37:55.507Z] > git for-each-ref --format=%(refname)%00%(upstream:short)%00%(objectname)%00%(upstream:track)%00%(upstream:remotename)%00%(upstream:remoteref) refs/heads/master refs/remotes/master [1ms]
[2022-12-16T00:37:55.522Z] > git for-each-ref --sort -committerdate --format %(refname) %(objectname) %(*objectname) [8ms]
[2022-12-16T00:37:55.522Z] > git remote --verbose [1ms]
[2022-12-16T00:37:55.570Z] > git config --get commit.template [1ms]
[2022-12-16T00:38:00.726Z] > git status -z -uall [143ms]
[2022-12-16T00:38:00.737Z] > git symbolic-ref --short HEAD [1ms]
[2022-12-16T00:38:00.746Z] > git for-each-ref --format=%(refname)%00%(upstream:short)%00%(objectname)%00%(upstream:track)%00%(upstream:remotename)%00%(upstream:remoteref) refs/heads/master refs/remotes/master [1ms]
[2022-12-16T00:38:00.762Z] > git for-each-ref --sort -committerdate --format %(refname) %(objectname) %(*objectname) [8ms]
[2022-12-16T00:38:00.762Z] > git remote --verbose [1ms]
[2022-12-16T00:38:00.807Z] > git config --get commit.template [4ms]
[2022-12-16T00:38:05.967Z] > git status -z -uall [143ms]
[2022-12-16T00:38:05.979Z] > git symbolic-ref --short HEAD [1ms]
[2022-12-16T00:38:05.990Z] > git for-each-ref --format=%(refname)%00%(upstream:short)%00%(objectname)%00%(upstream:track)%00%(upstream:remotename)%00%(upstream:remoteref) refs/heads/master refs/remotes/master [2ms]
[2022-12-16T00:38:06.007Z] > git for-each-ref --sort -committerdate --format %(refname) %(objectname) %(*objectname) [9ms]
[2022-12-16T00:38:06.007Z] > git remote --verbose [1ms]
[2022-12-16T00:38:06.051Z] > git config --get commit.template [1ms]
[2022-12-16T00:38:11.207Z] > git status -z -uall [142ms]
[2022-12-16T00:38:11.219Z] > git symbolic-ref --short HEAD [1ms]
[2022-12-16T00:38:11.230Z] > git for-each-ref --format=%(refname)%00%(upstream:short)%00%(objectname)%00%(upstream:track)%00%(upstream:remotename)%00%(upstream:remoteref) refs/heads/master refs/remotes/master [1ms]
[2022-12-16T00:38:11.248Z] > git for-each-ref --sort -committerdate --format %(refname) %(objectname) %(*objectname) [9ms]
[2022-12-16T00:38:11.248Z] > git remote --verbose [1ms]
[2022-12-16T00:38:11.294Z] > git config --get commit.template [1ms]
[2022-12-16T00:38:16.453Z] > git status -z -uall [142ms]
[2022-12-16T00:38:16.466Z] > git symbolic-ref --short HEAD [1ms]
[2022-12-16T00:38:16.477Z] > git for-each-ref --format=%(refname)%00%(upstream:short)%00%(objectname)%00%(upstream:track)%00%(upstream:remotename)%00%(upstream:remoteref) refs/heads/master refs/remotes/master [1ms]
[2022-12-16T00:38:16.496Z] > git for-each-ref --sort -committerdate --format %(refname) %(objectname) %(*objectname) [9ms]
[2022-12-16T00:38:16.496Z] > git remote --verbose [1ms]
[2022-12-16T00:38:16.543Z] > git config --get commit.template [5ms]
[2022-12-16T00:38:21.701Z] > git status -z -uall [142ms]
[2022-12-16T00:38:21.715Z] > git symbolic-ref --short HEAD [1ms]
[2022-12-16T00:38:21.727Z] > git for-each-ref --format=%(refname)%00%(upstream:short)%00%(objectname)%00%(upstream:track)%00%(upstream:remotename)%00%(upstream:remoteref) refs/heads/master refs/remotes/master [2ms]
[2022-12-16T00:38:21.747Z] > git for-each-ref --sort -committerdate --format %(refname) %(objectname) %(*objectname) [10ms]
[2022-12-16T00:38:21.747Z] > git remote --verbose [1ms]
[2022-12-16T00:38:21.793Z] > git config --get commit.template [1ms]
[2022-12-16T00:38:26.954Z] > git status -z -uall [145ms]
[2022-12-16T00:38:26.969Z] > git symbolic-ref --short HEAD [1ms]
[2022-12-16T00:38:26.983Z] > git for-each-ref --format=%(refname)%00%(upstream:short)%00%(objectname)%00%(upstream:track)%00%(upstream:remotename)%00%(upstream:remoteref) refs/heads/master refs/remotes/master [2ms]
[2022-12-16T00:38:27.009Z] > git for-each-ref --sort -committerdate --format %(refname) %(objectname) %(*objectname) [13ms]
[2022-12-16T00:38:27.010Z] > git remote --verbose [2ms]
[2022-12-16T00:38:27.082Z] > git config --get commit.template [15ms]
[2022-12-16T00:38:32.236Z] > git status -z -uall [142ms]
[2022-12-16T00:38:32.244Z] > git symbolic-ref --short HEAD [1ms]
[2022-12-16T00:38:32.251Z] > git for-each-ref --format=%(refname)%00%(upstream:short)%00%(objectname)%00%(upstream:track)%00%(upstream:remotename)%00%(upstream:remoteref) refs/heads/master refs/remotes/master [1ms]
[2022-12-16T00:38:32.261Z] > git for-each-ref --sort -committerdate --format %(refname) %(objectname) %(*objectname) [5ms]
[2022-12-16T00:38:32.262Z] > git remote --verbose [1ms]
[2022-12-16T00:38:32.307Z] > git config --get commit.template [5ms]
[2022-12-16T00:38:37.466Z] > git status -z -uall [147ms]
[2022-12-16T00:38:37.474Z] > git symbolic-ref --short HEAD [1ms]
[2022-12-16T00:38:37.482Z] > git for-each-ref --format=%(refname)%00%(upstream:short)%00%(objectname)%00%(upstream:track)%00%(upstream:remotename)%00%(upstream:remoteref) refs/heads/master refs/remotes/master [1ms]
[2022-12-16T00:38:37.493Z] > git for-each-ref --sort -committerdate --format %(refname) %(objectname) %(*objectname) [6ms]
[2022-12-16T00:38:37.493Z] > git remote --verbose [1ms]
[2022-12-16T00:38:37.533Z] > git config --get commit.template [1ms]
[2022-12-16T00:38:42.687Z] > git status -z -uall [143ms]
[2022-12-16T00:38:42.695Z] > git symbolic-ref --short HEAD [1ms]
[2022-12-16T00:38:42.703Z] > git for-each-ref --format=%(refname)%00%(upstream:short)%00%(objectname)%00%(upstream:track)%00%(upstream:remotename)%00%(upstream:remoteref) refs/heads/master refs/remotes/master [1ms]
[2022-12-16T00:38:42.719Z] > git remote --verbose [2ms]
[2022-12-16T00:38:42.719Z] > git for-each-ref --sort -committerdate --format %(refname) %(objectname) %(*objectname) [8ms]
[2022-12-16T00:38:42.762Z] > git config --get commit.template [1ms]
[2022-12-16T00:38:47.917Z] > git status -z -uall [144ms]
[2022-12-16T00:38:47.927Z] > git symbolic-ref --short HEAD [1ms]
[2022-12-16T00:38:47.935Z] > git for-each-ref --format=%(refname)%00%(upstream:short)%00%(objectname)%00%(upstream:track)%00%(upstream:remotename)%00%(upstream:remoteref) refs/heads/master refs/remotes/master [1ms]
[2022-12-16T00:38:47.947Z] > git for-each-ref --sort -committerdate --format %(refname) %(objectname) %(*objectname) [6ms]
[2022-12-16T00:38:47.948Z] > git remote --verbose [1ms]
[2022-12-16T00:38:47.991Z] > git config --get commit.template [5ms]
[2022-12-16T00:38:53.155Z] > git status -z -uall [150ms]
[2022-12-16T00:38:53.166Z] > git symbolic-ref --short HEAD [1ms]
[2022-12-16T00:38:53.175Z] > git for-each-ref --format=%(refname)%00%(upstream:short)%00%(objectname)%00%(upstream:track)%00%(upstream:remotename)%00%(upstream:remoteref) refs/heads/master refs/remotes/master [1ms]
[2022-12-16T00:38:53.188Z] > git for-each-ref --sort -committerdate --format %(refname) %(objectname) %(*objectname) [6ms]
[2022-12-16T00:38:53.189Z] > git remote --verbose [1ms]
[2022-12-16T00:38:53.231Z] > git config --get commit.template [1ms]
[2022-12-16T00:38:58.387Z] > git status -z -uall [143ms]
[2022-12-16T00:38:58.398Z] > git symbolic-ref --short HEAD [1ms]
[2022-12-16T00:38:58.407Z] > git for-each-ref --format=%(refname)%00%(upstream:short)%00%(objectname)%00%(upstream:track)%00%(upstream:remotename)%00%(upstream:remoteref) refs/heads/master refs/remotes/master [1ms]
[2022-12-16T00:38:58.422Z] > git for-each-ref --sort -committerdate --format %(refname) %(objectname) %(*objectname) [7ms]
[2022-12-16T00:38:58.423Z] > git remote --verbose [2ms]
[2022-12-16T00:38:58.467Z] > git config --get commit.template [1ms]
[2022-12-16T00:39:03.624Z] > git status -z -uall [145ms]
[2022-12-16T00:39:03.636Z] > git symbolic-ref --short HEAD [1ms]
[2022-12-16T00:39:03.647Z] > git for-each-ref --format=%(refname)%00%(upstream:short)%00%(objectname)%00%(upstream:track)%00%(upstream:remotename)%00%(upstream:remoteref) refs/heads/master refs/remotes/master [1ms]
[2022-12-16T00:39:03.664Z] > git for-each-ref --sort -committerdate --format %(refname) %(objectname) %(*objectname) [9ms]
[2022-12-16T00:39:03.664Z] > git remote --verbose [1ms]
[2022-12-16T00:39:03.711Z] > git config --get commit.template [5ms]
[2022-12-16T00:39:08.873Z] > git status -z -uall [149ms]
[2022-12-16T00:39:08.885Z] > git symbolic-ref --short HEAD [1ms]
[2022-12-16T00:39:08.896Z] > git for-each-ref --format=%(refname)%00%(upstream:short)%00%(objectname)%00%(upstream:track)%00%(upstream:remotename)%00%(upstream:remoteref) refs/heads/master refs/remotes/master [1ms]
[2022-12-16T00:39:08.913Z] > git for-each-ref --sort -committerdate --format %(refname) %(objectname) %(*objectname) [9ms]
[2022-12-16T00:39:08.914Z] > git remote --verbose [2ms]
[2022-12-16T00:39:08.960Z] > git config --get commit.template [1ms]
[2022-12-16T00:39:14.118Z] > git status -z -uall [144ms]
[2022-12-16T00:39:14.131Z] > git symbolic-ref --short HEAD [1ms]
[2022-12-16T00:39:14.142Z] > git for-each-ref --format=%(refname)%00%(upstream:short)%00%(objectname)%00%(upstream:track)%00%(upstream:remotename)%00%(upstream:remoteref) refs/heads/master refs/remotes/master [1ms]
[2022-12-16T00:39:14.160Z] > git for-each-ref --sort -committerdate --format %(refname) %(objectname) %(*objectname) [9ms]
[2022-12-16T00:39:14.160Z] > git remote --verbose [1ms]
[2022-12-16T00:39:14.206Z] > git config --get commit.template [1ms]
[2022-12-16T00:39:19.363Z] > git status -z -uall [143ms]
[2022-12-16T00:39:19.376Z] > git symbolic-ref --short HEAD [1ms]
[2022-12-16T00:39:19.387Z] > git for-each-ref --format=%(refname)%00%(upstream:short)%00%(objectname)%00%(upstream:track)%00%(upstream:remotename)%00%(upstream:remoteref) refs/heads/master refs/remotes/master [1ms]
[2022-12-16T00:39:19.407Z] > git for-each-ref --sort -committerdate --format %(refname) %(objectname) %(*objectname) [10ms]
[2022-12-16T00:39:19.407Z] > git remote --verbose [1ms]
[2022-12-16T00:39:19.455Z] > git config --get commit.template [5ms]
[2022-12-16T00:39:24.614Z] > git status -z -uall [143ms]
[2022-12-16T00:39:24.627Z] > git symbolic-ref --short HEAD [1ms]
[2022-12-16T00:39:24.639Z] > git for-each-ref --format=%(refname)%00%(upstream:short)%00%(objectname)%00%(upstream:track)%00%(upstream:remotename)%00%(upstream:remoteref) refs/heads/master refs/remotes/master [1ms]
[2022-12-16T00:39:24.660Z] > git for-each-ref --sort -committerdate --format %(refname) %(objectname) %(*objectname) [10ms]
[2022-12-16T00:39:24.660Z] > git remote --verbose [1ms]
[2022-12-16T00:39:24.707Z] > git config --get commit.template [2ms]
[2022-12-16T00:39:29.868Z] > git status -z -uall [144ms]
[2022-12-16T00:39:29.884Z] > git symbolic-ref --short HEAD [2ms]
[2022-12-16T00:39:29.899Z] > git for-each-ref --format=%(refname)%00%(upstream:short)%00%(objectname)%00%(upstream:track)%00%(upstream:remotename)%00%(upstream:remoteref) refs/heads/master refs/remotes/master [2ms]
[2022-12-16T00:39:29.941Z] > git for-each-ref --sort -committerdate --format %(refname) %(objectname) %(*objectname) [29ms]
[2022-12-16T00:39:29.944Z] > git remote --verbose [20ms]
[2022-12-16T00:39:29.986Z] > git config --get commit.template [1ms]
[2022-12-16T00:39:35.138Z] > git status -z -uall [143ms]
[2022-12-16T00:39:35.146Z] > git symbolic-ref --short HEAD [1ms]
[2022-12-16T00:39:35.153Z] > git for-each-ref --format=%(refname)%00%(upstream:short)%00%(objectname)%00%(upstream:track)%00%(upstream:remotename)%00%(upstream:remoteref) refs/heads/master refs/remotes/master [1ms]
[2022-12-16T00:39:35.164Z] > git for-each-ref --sort -committerdate --format %(refname) %(objectname) %(*objectname) [5ms]
[2022-12-16T00:39:35.164Z] > git remote --verbose [1ms]
[2022-12-16T00:39:35.206Z] > git config --get commit.template [1ms]
[2022-12-16T00:39:40.361Z] > git status -z -uall [145ms]
[2022-12-16T00:39:40.372Z] > git symbolic-ref --short HEAD [3ms]
[2022-12-16T00:39:40.380Z] > git for-each-ref --format=%(refname)%00%(upstream:short)%00%(objectname)%00%(upstream:track)%00%(upstream:remotename)%00%(upstream:remoteref) refs/heads/master refs/remotes/master [1ms]
[2022-12-16T00:39:40.391Z] > git for-each-ref --sort -committerdate --format %(refname) %(objectname) %(*objectname) [6ms]
[2022-12-16T00:39:40.391Z] > git remote --verbose [1ms]
[2022-12-16T00:39:40.429Z] > git config --get commit.template [1ms]
[2022-12-16T00:39:45.582Z] > git status -z -uall [142ms]
[2022-12-16T00:39:45.592Z] > git symbolic-ref --short HEAD [1ms]
[2022-12-16T00:39:45.600Z] > git for-each-ref --format=%(refname)%00%(upstream:short)%00%(objectname)%00%(upstream:track)%00%(upstream:remotename)%00%(upstream:remoteref) refs/heads/master refs/remotes/master [1ms]
[2022-12-16T00:39:45.612Z] > git for-each-ref --sort -committerdate --format %(refname) %(objectname) %(*objectname) [6ms]
[2022-12-16T00:39:45.613Z] > git remote --verbose [1ms]
[2022-12-16T00:39:45.654Z] > git config --get commit.template [1ms]
[2022-12-16T00:39:50.809Z] > git status -z -uall [145ms]
[2022-12-16T00:39:50.819Z] > git symbolic-ref --short HEAD [1ms]
[2022-12-16T00:39:50.827Z] > git for-each-ref --format=%(refname)%00%(upstream:short)%00%(objectname)%00%(upstream:track)%00%(upstream:remotename)%00%(upstream:remoteref) refs/heads/master refs/remotes/master [1ms]
[2022-12-16T00:39:50.840Z] > git for-each-ref --sort -committerdate --format %(refname) %(objectname) %(*objectname) [6ms]
[2022-12-16T00:39:50.841Z] > git remote --verbose [1ms]
[2022-12-16T00:39:50.885Z] > git config --get commit.template [4ms]
[2022-12-16T00:39:56.042Z] > git status -z -uall [144ms]
[2022-12-16T00:39:56.052Z] > git symbolic-ref --short HEAD [1ms]
[2022-12-16T00:39:56.060Z] > git for-each-ref --format=%(refname)%00%(upstream:short)%00%(objectname)%00%(upstream:track)%00%(upstream:remotename)%00%(upstream:remoteref) refs/heads/master refs/remotes/master [1ms]
[2022-12-16T00:39:56.074Z] > git for-each-ref --sort -committerdate --format %(refname) %(objectname) %(*objectname) [7ms]
[2022-12-16T00:39:56.074Z] > git remote --verbose [1ms]
[2022-12-16T00:39:56.116Z] > git config --get commit.template [1ms]
[2022-12-16T00:40:01.272Z] > git status -z -uall [144ms]
[2022-12-16T00:40:01.284Z] > git symbolic-ref --short HEAD [1ms]
[2022-12-16T00:40:01.294Z] > git for-each-ref --format=%(refname)%00%(upstream:short)%00%(objectname)%00%(upstream:track)%00%(upstream:remotename)%00%(upstream:remoteref) refs/heads/master refs/remotes/master [1ms]
[2022-12-16T00:40:01.309Z] > git for-each-ref --sort -committerdate --format %(refname) %(objectname) %(*objectname) [8ms]
[2022-12-16T00:40:01.309Z] > git remote --verbose [1ms]
[2022-12-16T00:40:01.355Z] > git config --get commit.template [4ms]
[2022-12-16T00:40:06.511Z] > git status -z -uall [142ms]
[2022-12-16T00:40:06.522Z] > git symbolic-ref --short HEAD [1ms]
[2022-12-16T00:40:06.532Z] > git for-each-ref --format=%(refname)%00%(upstream:short)%00%(objectname)%00%(upstream:track)%00%(upstream:remotename)%00%(upstream:remoteref) refs/heads/master refs/remotes/master [1ms]
[2022-12-16T00:40:06.547Z] > git for-each-ref --sort -committerdate --format %(refname) %(objectname) %(*objectname) [8ms]
[2022-12-16T00:40:06.547Z] > git remote --verbose [1ms]
[2022-12-16T00:40:06.591Z] > git config --get commit.template [1ms]
[2022-12-16T00:40:11.755Z] > git status -z -uall [151ms]
[2022-12-16T00:40:11.768Z] > git symbolic-ref --short HEAD [1ms]
[2022-12-16T00:40:11.779Z] > git for-each-ref --format=%(refname)%00%(upstream:short)%00%(objectname)%00%(upstream:track)%00%(upstream:remotename)%00%(upstream:remoteref) refs/heads/master refs/remotes/master [1ms]
[2022-12-16T00:40:11.796Z] > git for-each-ref --sort -committerdate --format %(refname) %(objectname) %(*objectname) [9ms]
[2022-12-16T00:40:11.796Z] > git remote --verbose [1ms]
[2022-12-16T00:40:11.841Z] > git config --get commit.template [1ms]
[2022-12-16T00:40:16.999Z] > git status -z -uall [143ms]
[2022-12-16T00:40:17.012Z] > git symbolic-ref --short HEAD [1ms]
[2022-12-16T00:40:17.023Z] > git for-each-ref --format=%(refname)%00%(upstream:short)%00%(objectname)%00%(upstream:track)%00%(upstream:remotename)%00%(upstream:remoteref) refs/heads/master refs/remotes/master [1ms]
[2022-12-16T00:40:17.040Z] > git for-each-ref --sort -committerdate --format %(refname) %(objectname) %(*objectname) [8ms]
[2022-12-16T00:40:17.041Z] > git remote --verbose [1ms]
[2022-12-16T00:40:17.088Z] > git config --get commit.template [5ms]
[2022-12-16T00:40:22.249Z] > git status -z -uall [144ms]
[2022-12-16T00:40:22.263Z] > git symbolic-ref --short HEAD [1ms]
[2022-12-16T00:40:22.275Z] > git for-each-ref --format=%(refname)%00%(upstream:short)%00%(objectname)%00%(upstream:track)%00%(upstream:remotename)%00%(upstream:remoteref) refs/heads/master refs/remotes/master [1ms]
[2022-12-16T00:40:22.297Z] > git for-each-ref --sort -committerdate --format %(refname) %(objectname) %(*objectname) [11ms]
[2022-12-16T00:40:22.297Z] > git remote --verbose [1ms]
[2022-12-16T00:40:22.345Z] > git config --get commit.template [1ms]
[2022-12-16T00:40:27.505Z] > git status -z -uall [144ms]
[2022-12-16T00:40:27.519Z] > git symbolic-ref --short HEAD [1ms]
[2022-12-16T00:40:27.531Z] > git for-each-ref --format=%(refname)%00%(upstream:short)%00%(objectname)%00%(upstream:track)%00%(upstream:remotename)%00%(upstream:remoteref) refs/heads/master refs/remotes/master [1ms]
[2022-12-16T00:40:27.551Z] > git for-each-ref --sort -committerdate --format %(refname) %(objectname) %(*objectname) [10ms]
[2022-12-16T00:40:27.552Z] > git remote --verbose [1ms]
[2022-12-16T00:40:27.599Z] > git config --get commit.template [2ms]
[2022-12-16T00:40:32.753Z] > git status -z -uall [144ms]
[2022-12-16T00:40:32.763Z] > git symbolic-ref --short HEAD [1ms]
[2022-12-16T00:40:32.771Z] > git for-each-ref --format=%(refname)%00%(upstream:short)%00%(objectname)%00%(upstream:track)%00%(upstream:remotename)%00%(upstream:remoteref) refs/heads/master refs/remotes/master [1ms]
[2022-12-16T00:40:32.783Z] > git for-each-ref --sort -committerdate --format %(refname) %(objectname) %(*objectname) [6ms]
[2022-12-16T00:40:32.784Z] > git remote --verbose [1ms]
[2022-12-16T00:40:32.830Z] > git config --get commit.template [4ms]
[2022-12-16T00:40:37.987Z] > git status -z -uall [146ms]
[2022-12-16T00:40:37.996Z] > git symbolic-ref --short HEAD [1ms]
[2022-12-16T00:40:38.004Z] > git for-each-ref --format=%(refname)%00%(upstream:short)%00%(objectname)%00%(upstream:track)%00%(upstream:remotename)%00%(upstream:remoteref) refs/heads/master refs/remotes/master [1ms]
[2022-12-16T00:40:38.016Z] > git for-each-ref --sort -committerdate --format %(refname) %(objectname) %(*objectname) [6ms]
[2022-12-16T00:40:38.016Z] > git remote --verbose [1ms]
[2022-12-16T00:40:38.060Z] > git config --get commit.template [4ms]
[2022-12-16T00:40:43.215Z] > git status -z -uall [143ms]
[2022-12-16T00:40:43.225Z] > git symbolic-ref --short HEAD [1ms]
[2022-12-16T00:40:43.233Z] > git for-each-ref --format=%(refname)%00%(upstream:short)%00%(objectname)%00%(upstream:track)%00%(upstream:remotename)%00%(upstream:remoteref) refs/heads/master refs/remotes/master [1ms]
[2022-12-16T00:40:43.246Z] > git for-each-ref --sort -committerdate --format %(refname) %(objectname) %(*objectname) [7ms]
[2022-12-16T00:40:43.246Z] > git remote --verbose [1ms]
[2022-12-16T00:40:43.287Z] > git config --get commit.template [1ms]
[2022-12-16T00:40:48.441Z] > git status -z -uall [142ms]
[2022-12-16T00:40:48.451Z] > git symbolic-ref --short HEAD [1ms]
[2022-12-16T00:40:48.459Z] > git for-each-ref --format=%(refname)%00%(upstream:short)%00%(objectname)%00%(upstream:track)%00%(upstream:remotename)%00%(upstream:remoteref) refs/heads/master refs/remotes/master [1ms]
[2022-12-16T00:40:48.472Z] > git for-each-ref --sort -committerdate --format %(refname) %(objectname) %(*objectname) [7ms]
[2022-12-16T00:40:48.472Z] > git remote --verbose [1ms]
[2022-12-16T00:40:48.515Z] > git config --get commit.template [4ms]
[2022-12-16T00:40:53.673Z] > git status -z -uall [144ms]
[2022-12-16T00:40:53.683Z] > git symbolic-ref --short HEAD [1ms]
[2022-12-16T00:40:53.692Z] > git for-each-ref --format=%(refname)%00%(upstream:short)%00%(objectname)%00%(upstream:track)%00%(upstream:remotename)%00%(upstream:remoteref) refs/heads/master refs/remotes/master [1ms]
[2022-12-16T00:40:53.706Z] > git for-each-ref --sort -committerdate --format %(refname) %(objectname) %(*objectname) [7ms]
[2022-12-16T00:40:53.706Z] > git remote --verbose [1ms]
[2022-12-16T00:40:53.749Z] > git config --get commit.template [1ms]
[2022-12-16T00:40:58.903Z] > git status -z -uall [143ms]
[2022-12-16T00:40:58.913Z] > git symbolic-ref --short HEAD [1ms]
[2022-12-16T00:40:58.922Z] > git for-each-ref --format=%(refname)%00%(upstream:short)%00%(objectname)%00%(upstream:track)%00%(upstream:remotename)%00%(upstream:remoteref) refs/heads/master refs/remotes/master [1ms]
[2022-12-16T00:40:58.937Z] > git for-each-ref --sort -committerdate --format %(refname) %(objectname) %(*objectname) [7ms]
[2022-12-16T00:40:58.937Z] > git remote --verbose [1ms]
[2022-12-16T00:40:58.982Z] > git config --get commit.template [1ms]
[2022-12-16T00:41:04.137Z] > git status -z -uall [141ms]
[2022-12-16T00:41:04.149Z] > git symbolic-ref --short HEAD [1ms]
[2022-12-16T00:41:04.159Z] > git for-each-ref --format=%(refname)%00%(upstream:short)%00%(objectname)%00%(upstream:track)%00%(upstream:remotename)%00%(upstream:remoteref) refs/heads/master refs/remotes/master [2ms]
[2022-12-16T00:41:04.174Z] > git for-each-ref --sort -committerdate --format %(refname) %(objectname) %(*objectname) [7ms]
[2022-12-16T00:41:04.175Z] > git remote --verbose [1ms]
[2022-12-16T00:41:04.222Z] > git config --get commit.template [5ms]
[2022-12-16T00:41:09.376Z] > git status -z -uall [142ms]
[2022-12-16T00:41:09.388Z] > git symbolic-ref --short HEAD [1ms]
[2022-12-16T00:41:09.398Z] > git for-each-ref --format=%(refname)%00%(upstream:short)%00%(objectname)%00%(upstream:track)%00%(upstream:remotename)%00%(upstream:remoteref) refs/heads/master refs/remotes/master [1ms]
[2022-12-16T00:41:09.415Z] > git for-each-ref --sort -committerdate --format %(refname) %(objectname) %(*objectname) [8ms]
[2022-12-16T00:41:09.416Z] > git remote --verbose [2ms]
[2022-12-16T00:41:09.460Z] > git config --get commit.template [2ms]
[2022-12-16T00:41:14.615Z] > git status -z -uall [142ms]
[2022-12-16T00:41:14.628Z] > git symbolic-ref --short HEAD [1ms]
[2022-12-16T00:41:14.639Z] > git for-each-ref --format=%(refname)%00%(upstream:short)%00%(objectname)%00%(upstream:track)%00%(upstream:remotename)%00%(upstream:remoteref) refs/heads/master refs/remotes/master [1ms]
[2022-12-16T00:41:14.657Z] > git for-each-ref --sort -committerdate --format %(refname) %(objectname) %(*objectname) [9ms]
[2022-12-16T00:41:14.657Z] > git remote --verbose [1ms]
[2022-12-16T00:41:14.704Z] > git config --get commit.template [1ms]
[2022-12-16T00:41:19.864Z] > git status -z -uall [144ms]
[2022-12-16T00:41:19.877Z] > git symbolic-ref --short HEAD [1ms]
[2022-12-16T00:41:19.887Z] > git for-each-ref --format=%(refname)%00%(upstream:short)%00%(objectname)%00%(upstream:track)%00%(upstream:remotename)%00%(upstream:remoteref) refs/heads/master refs/remotes/master [1ms]
[2022-12-16T00:41:19.906Z] > git for-each-ref --sort -committerdate --format %(refname) %(objectname) %(*objectname) [10ms]
[2022-12-16T00:41:19.906Z] > git remote --verbose [1ms]
[2022-12-16T00:41:19.953Z] > git config --get commit.template [4ms]
[2022-12-16T00:41:25.115Z] > git status -z -uall [144ms]
[2022-12-16T00:41:25.129Z] > git symbolic-ref --short HEAD [1ms]
[2022-12-16T00:41:25.141Z] > git for-each-ref --format=%(refname)%00%(upstream:short)%00%(objectname)%00%(upstream:track)%00%(upstream:remotename)%00%(upstream:remoteref) refs/heads/master refs/remotes/master [1ms]
[2022-12-16T00:41:25.162Z] > git for-each-ref --sort -committerdate --format %(refname) %(objectname) %(*objectname) [11ms]
[2022-12-16T00:41:25.162Z] > git remote --verbose [1ms]
[2022-12-16T00:41:25.209Z] > git config --get commit.template [1ms]
[2022-12-16T00:41:30.394Z] > git status -z -uall [166ms]
[2022-12-16T00:41:30.405Z] > git symbolic-ref --short HEAD [1ms]
[2022-12-16T00:41:30.413Z] > git for-each-ref --format=%(refname)%00%(upstream:short)%00%(objectname)%00%(upstream:track)%00%(upstream:remotename)%00%(upstream:remoteref) refs/heads/master refs/remotes/master [1ms]
[2022-12-16T00:41:30.425Z] > git for-each-ref --sort -committerdate --format %(refname) %(objectname) %(*objectname) [6ms]
[2022-12-16T00:41:30.426Z] > git remote --verbose [1ms]
[2022-12-16T00:41:30.471Z] > git config --get commit.template [2ms]
[2022-12-16T00:41:35.622Z] > git status -z -uall [142ms]
[2022-12-16T00:41:35.630Z] > git symbolic-ref --short HEAD [1ms]
[2022-12-16T00:41:35.637Z] > git for-each-ref --format=%(refname)%00%(upstream:short)%00%(objectname)%00%(upstream:track)%00%(upstream:remotename)%00%(upstream:remoteref) refs/heads/master refs/remotes/master [1ms]
[2022-12-16T00:41:35.647Z] > git for-each-ref --sort -committerdate --format %(refname) %(objectname) %(*objectname) [5ms]
[2022-12-16T00:41:35.648Z] > git remote --verbose [1ms]
[2022-12-16T00:41:35.689Z] > git config --get commit.template [1ms]
[2022-12-16T00:41:40.844Z] > git status -z -uall [145ms]
[2022-12-16T00:41:40.853Z] > git symbolic-ref --short HEAD [1ms]
[2022-12-16T00:41:40.860Z] > git for-each-ref --format=%(refname)%00%(upstream:short)%00%(objectname)%00%(upstream:track)%00%(upstream:remotename)%00%(upstream:remoteref) refs/heads/master refs/remotes/master [1ms]
[2022-12-16T00:41:40.873Z] > git for-each-ref --sort -committerdate --format %(refname) %(objectname) %(*objectname) [8ms]
[2022-12-16T00:41:40.873Z] > git remote --verbose [1ms]
[2022-12-16T00:41:40.914Z] > git config --get commit.template [1ms]
[2022-12-16T00:41:46.067Z] > git status -z -uall [143ms]
[2022-12-16T00:41:46.076Z] > git symbolic-ref --short HEAD [1ms]
[2022-12-16T00:41:46.084Z] > git for-each-ref --format=%(refname)%00%(upstream:short)%00%(objectname)%00%(upstream:track)%00%(upstream:remotename)%00%(upstream:remoteref) refs/heads/master refs/remotes/master [1ms]
[2022-12-16T00:41:46.095Z] > git for-each-ref --sort -committerdate --format %(refname) %(objectname) %(*objectname) [5ms]
[2022-12-16T00:41:46.096Z] > git remote --verbose [1ms]
[2022-12-16T00:41:46.136Z] > git config --get commit.template [1ms]
[2022-12-16T00:41:47.466Z] > git rev-parse --show-toplevel [1ms]
